TN:
SF:src/App.tsx
FN:8,App
FNF:1
FNH:0
FNDA:0,App
DA:9,0
LF:1
LH:0
BRF:0
BRH:0
end_of_record
TN:
SF:src/main.tsx
FN:23,initApp
FN:60,(anonymous_1)
FNF:2
FNH:0
FNDA:0,initApp
FNDA:0,(anonymous_1)
DA:25,0
DA:27,0
DA:29,0
DA:37,0
DA:38,0
DA:39,0
DA:40,0
DA:41,0
DA:42,0
DA:43,0
DA:47,0
DA:50,0
DA:51,0
DA:53,0
DA:54,0
DA:55,0
DA:57,0
DA:60,0
DA:61,0
DA:63,0
DA:67,0
DA:77,0
LF:22
LH:0
BRDA:37,0,0,0
BRDA:37,0,1,0
BRDA:37,1,0,0
BRDA:37,1,1,0
BRDA:42,2,0,0
BRDA:42,2,1,0
BRDA:50,3,0,0
BRDA:50,3,1,0
BRF:8
BRH:0
end_of_record
TN:
SF:src/auth/components/LoginForm.tsx
FN:11,LoginForm
FN:19,(anonymous_1)
FN:37,(anonymous_2)
FN:51,(anonymous_3)
FNF:4
FNH:0
FNDA:0,LoginForm
FNDA:0,(anonymous_1)
FNDA:0,(anonymous_2)
FNDA:0,(anonymous_3)
DA:12,0
DA:13,0
DA:14,0
DA:19,0
DA:20,0
DA:21,0
DA:22,0
DA:23,0
DA:27,0
DA:37,0
DA:51,0
LF:11
LH:0
BRDA:22,0,0,0
BRDA:22,0,1,0
BRDA:57,1,0,0
BRDA:57,1,1,0
BRDA:64,2,0,0
BRDA:64,2,1,0
BRF:6
BRH:0
end_of_record
TN:
SF:src/auth/components/ProtectedRoute.tsx
FN:14,ProtectedRoute
FN:18,(anonymous_1)
FNF:2
FNH:0
FNDA:0,ProtectedRoute
FNDA:0,(anonymous_1)
DA:15,0
DA:16,0
DA:18,0
DA:19,0
DA:22,0
DA:23,0
DA:26,0
DA:27,0
DA:30,0
LF:9
LH:0
BRDA:22,0,0,0
BRDA:22,0,1,0
BRDA:26,1,0,0
BRDA:26,1,1,0
BRF:4
BRH:0
end_of_record
TN:
SF:src/auth/components/RegisterForm.tsx
FN:11,RegisterForm
FN:22,(anonymous_1)
FN:52,(anonymous_2)
FN:66,(anonymous_3)
FN:80,(anonymous_4)
FN:94,(anonymous_5)
FNF:6
FNH:0
FNDA:0,RegisterForm
FNDA:0,(anonymous_1)
FNDA:0,(anonymous_2)
FNDA:0,(anonymous_3)
FNDA:0,(anonymous_4)
FNDA:0,(anonymous_5)
DA:12,0
DA:13,0
DA:14,0
DA:20,0
DA:22,0
DA:23,0
DA:24,0
DA:26,0
DA:27,0
DA:28,0
DA:31,0
DA:32,0
DA:33,0
DA:36,0
DA:37,0
DA:38,0
DA:42,0
DA:52,0
DA:66,0
DA:80,0
DA:94,0
LF:21
LH:0
BRDA:26,0,0,0
BRDA:26,0,1,0
BRDA:31,1,0,0
BRDA:31,1,1,0
BRDA:37,2,0,0
BRDA:37,2,1,0
BRDA:98,3,0,0
BRDA:98,3,1,0
BRDA:98,3,2,0
BRDA:102,4,0,0
BRDA:102,4,1,0
BRDA:107,5,0,0
BRDA:107,5,1,0
BRF:13
BRH:0
end_of_record
TN:
SF:src/auth/pages/LoginPage.tsx
FN:7,LoginPage
FNF:1
FNH:0
FNDA:0,LoginPage
DA:8,0
LF:1
LH:0
BRF:0
BRH:0
end_of_record
TN:
SF:src/auth/pages/RegisterPage.tsx
FN:7,RegisterPage
FNF:1
FNH:0
FNDA:0,RegisterPage
DA:8,0
LF:1
LH:0
BRF:0
BRH:0
end_of_record
TN:
SF:src/components/agent/AgentButton.tsx
FN:22,AgentButton
FN:23,(anonymous_1)
FN:24,(anonymous_2)
FN:87,FloatingAgentButton
FN:88,(anonymous_4)
FN:89,(anonymous_5)
FNF:6
FNH:3
FNDA:12,AgentButton
FNDA:36,(anonymous_1)
FNDA:36,(anonymous_2)
FNDA:0,FloatingAgentButton
FNDA:0,(anonymous_4)
FNDA:0,(anonymous_5)
DA:23,36
DA:24,36
DA:26,12
DA:88,0
DA:89,0
DA:91,0
LF:6
LH:3
BRDA:22,0,0,12
BRDA:32,1,0,1
BRDA:32,1,1,11
BRDA:35,2,0,12
BRDA:35,2,1,0
BRDA:44,3,0,12
BRDA:44,3,1,12
BRDA:50,4,0,12
BRDA:50,4,1,12
BRDA:55,5,0,12
BRDA:55,5,1,1
BRDA:65,6,0,12
BRDA:65,6,1,1
BRDA:72,7,0,12
BRDA:72,7,1,0
BRDA:72,7,2,0
BRDA:101,8,0,0
BRDA:101,8,1,0
BRF:18
BRH:13
end_of_record
TN:
SF:src/components/agent/AgentInput.tsx
FN:34,AgentInput
FN:42,(anonymous_1)
FN:45,(anonymous_2)
FN:51,(anonymous_3)
FN:51,(anonymous_4)
FN:56,(anonymous_5)
FN:61,(anonymous_6)
FN:70,(anonymous_7)
FN:85,(anonymous_8)
FN:91,(anonymous_9)
FN:118,(anonymous_10)
FN:121,(anonymous_11)
FN:157,(anonymous_12)
FNF:13
FNH:0
FNDA:0,AgentInput
FNDA:0,(anonymous_1)
FNDA:0,(anonymous_2)
FNDA:0,(anonymous_3)
FNDA:0,(anonymous_4)
FNDA:0,(anonymous_5)
FNDA:0,(anonymous_6)
FNDA:0,(anonymous_7)
FNDA:0,(anonymous_8)
FNDA:0,(anonymous_9)
FNDA:0,(anonymous_10)
FNDA:0,(anonymous_11)
FNDA:0,(anonymous_12)
DA:35,0
DA:36,0
DA:39,0
DA:41,0
DA:42,0
DA:45,0
DA:46,0
DA:50,0
DA:51,0
DA:56,0
DA:57,0
DA:61,0
DA:62,0
DA:63,0
DA:64,0
DA:65,0
DA:70,0
DA:71,0
DA:72,0
DA:75,0
DA:76,0
DA:79,0
DA:80,0
DA:85,0
DA:86,0
DA:87,0
DA:91,0
DA:93,0
DA:94,0
DA:95,0
DA:100,0
DA:102,0
DA:119,0
DA:121,0
DA:157,0
LF:35
LH:0
BRDA:63,0,0,0
BRDA:63,0,1,0
BRDA:72,1,0,0
BRDA:72,1,1,0
BRDA:72,2,0,0
BRDA:72,2,1,0
BRDA:79,3,0,0
BRDA:79,3,1,0
BRDA:86,4,0,0
BRDA:86,4,1,0
BRDA:93,5,0,0
BRDA:93,5,1,0
BRDA:93,6,0,0
BRDA:93,6,1,0
BRDA:105,7,0,0
BRDA:105,7,1,0
BRDA:115,8,0,0
BRDA:115,8,1,0
BRDA:173,9,0,0
BRDA:173,9,1,0
BRDA:199,10,0,0
BRDA:199,10,1,0
BRDA:201,11,0,0
BRDA:201,11,1,0
BRF:24
BRH:0
end_of_record
TN:
SF:src/components/agent/AgentMessage.tsx
FN:24,AgentMessage
FN:87,(anonymous_1)
FN:101,(anonymous_2)
FN:118,(anonymous_3)
FN:153,formatTime
FNF:5
FNH:0
FNDA:0,AgentMessage
FNDA:0,(anonymous_1)
FNDA:0,(anonymous_2)
FNDA:0,(anonymous_3)
FNDA:0,formatTime
DA:25,0
DA:26,0
DA:27,0
DA:29,0
DA:89,0
DA:90,0
DA:93,0
DA:102,0
DA:119,0
DA:154,0
DA:155,0
DA:158,0
DA:163,0
DA:170,0
LF:14
LH:0
BRDA:27,0,0,0
BRDA:27,0,1,0
BRDA:30,1,0,0
BRDA:30,1,1,0
BRDA:35,2,0,0
BRDA:35,2,1,0
BRDA:37,3,0,0
BRDA:37,3,1,0
BRDA:42,4,0,0
BRDA:42,4,1,0
BRDA:44,5,0,0
BRDA:44,5,1,0
BRDA:52,6,0,0
BRDA:52,6,1,0
BRDA:54,7,0,0
BRDA:54,7,1,0
BRDA:58,8,0,0
BRDA:58,8,1,0
BRDA:60,9,0,0
BRDA:60,9,1,0
BRDA:66,10,0,0
BRDA:66,10,1,0
BRDA:78,11,0,0
BRDA:78,11,1,0
BRDA:78,11,2,0
BRDA:86,12,0,0
BRDA:86,12,1,0
BRDA:89,13,0,0
BRDA:89,13,1,0
BRDA:89,14,0,0
BRDA:89,14,1,0
BRDA:98,15,0,0
BRDA:98,15,1,0
BRDA:100,16,0,0
BRDA:100,16,1,0
BRDA:116,17,0,0
BRDA:116,17,1,0
BRDA:116,17,2,0
BRDA:124,18,0,0
BRDA:124,18,1,0
BRDA:128,19,0,0
BRDA:128,19,1,0
BRDA:133,20,0,0
BRDA:133,20,1,0
BRDA:158,21,0,0
BRDA:158,21,1,0
BRDA:159,22,0,0
BRDA:159,22,1,0
BRDA:159,22,2,0
BRF:49
BRH:0
end_of_record
TN:
SF:src/components/agent/AgentResumeDialog.tsx
FN:32,AgentResumeDialog
FNF:1
FNH:0
FNDA:0,AgentResumeDialog
DA:38,0
LF:1
LH:0
BRF:0
BRH:0
end_of_record
TN:
SF:src/components/agent/AgentThread.tsx
FN:19,AgentThread
FN:20,(anonymous_1)
FN:21,(anonymous_2)
FN:22,(anonymous_3)
FN:28,(anonymous_4)
FN:46,(anonymous_5)
FN:60,EmptyStateWithSuggestions
FN:103,(anonymous_7)
FN:120,SuggestionButton
FN:133,(anonymous_9)
FNF:10
FNH:0
FNDA:0,AgentThread
FNDA:0,(anonymous_1)
FNDA:0,(anonymous_2)
FNDA:0,(anonymous_3)
FNDA:0,(anonymous_4)
FNDA:0,(anonymous_5)
FNDA:0,EmptyStateWithSuggestions
FNDA:0,(anonymous_7)
FNDA:0,SuggestionButton
FNDA:0,(anonymous_9)
DA:20,0
DA:21,0
DA:22,0
DA:24,0
DA:25,0
DA:28,0
DA:29,0
DA:30,0
DA:35,0
DA:36,0
DA:39,0
DA:47,0
DA:61,0
DA:65,0
DA:74,0
DA:104,0
DA:131,0
DA:133,0
DA:134,0
DA:137,0
DA:138,0
DA:140,0
DA:144,0
LF:23
LH:0
BRDA:29,0,0,0
BRDA:29,0,1,0
BRDA:35,1,0,0
BRDA:35,1,1,0
BRDA:85,2,0,0
BRDA:85,2,1,0
BRDA:86,3,0,0
BRDA:86,3,1,0
BRDA:94,4,0,0
BRDA:94,4,1,0
BRDA:124,5,0,0
BRDA:134,6,0,0
BRDA:134,6,1,0
BRDA:137,7,0,0
BRDA:137,7,1,0
BRDA:151,8,0,0
BRDA:151,8,1,0
BRDA:161,9,0,0
BRDA:161,9,1,0
BRDA:166,10,0,0
BRDA:166,10,1,0
BRDA:175,11,0,0
BRDA:175,11,1,0
BRF:23
BRH:0
end_of_record
TN:
SF:src/components/agent/AgentWindow.tsx
FN:36,AgentWindow
FN:47,(anonymous_1)
FN:48,(anonymous_2)
FN:49,(anonymous_3)
FN:50,(anonymous_4)
FN:51,(anonymous_5)
FN:54,(anonymous_6)
FN:55,(anonymous_7)
FN:68,(anonymous_8)
FN:72,(anonymous_9)
FN:86,(anonymous_10)
FN:93,(anonymous_11)
FN:98,(anonymous_12)
FN:107,(anonymous_13)
FN:113,(anonymous_14)
FN:121,(anonymous_15)
FN:122,(anonymous_16)
FNF:17
FNH:0
FNDA:0,AgentWindow
FNDA:0,(anonymous_1)
FNDA:0,(anonymous_2)
FNDA:0,(anonymous_3)
FNDA:0,(anonymous_4)
FNDA:0,(anonymous_5)
FNDA:0,(anonymous_6)
FNDA:0,(anonymous_7)
FNDA:0,(anonymous_8)
FNDA:0,(anonymous_9)
FNDA:0,(anonymous_10)
FNDA:0,(anonymous_11)
FNDA:0,(anonymous_12)
FNDA:0,(anonymous_13)
FNDA:0,(anonymous_14)
FNDA:0,(anonymous_15)
FNDA:0,(anonymous_16)
DA:28,0
DA:38,0
DA:41,0
DA:42,0
DA:43,0
DA:44,0
DA:47,0
DA:48,0
DA:49,0
DA:50,0
DA:51,0
DA:54,0
DA:55,0
DA:56,0
DA:57,0
DA:58,0
DA:60,0
DA:66,0
DA:67,0
DA:68,0
DA:72,0
DA:73,0
DA:74,0
DA:75,0
DA:76,0
DA:77,0
DA:79,0
DA:81,0
DA:86,0
DA:87,0
DA:88,0
DA:93,0
DA:94,0
DA:98,0
DA:99,0
DA:100,0
DA:101,0
DA:103,0
DA:107,0
DA:108,0
DA:109,0
DA:113,0
DA:114,0
DA:115,0
DA:116,0
DA:121,0
DA:122,0
DA:125,0
DA:127,0
DA:129,0
LF:50
LH:0
BRDA:73,0,0,0
BRDA:73,0,1,0
BRDA:73,1,0,0
BRDA:73,1,1,0
BRDA:75,2,0,0
BRDA:75,2,1,0
BRDA:75,3,0,0
BRDA:75,3,1,0
BRDA:77,4,0,0
BRDA:77,4,1,0
BRDA:87,5,0,0
BRDA:87,5,1,0
BRDA:100,6,0,0
BRDA:100,6,1,0
BRDA:114,7,0,0
BRDA:114,7,1,0
BRDA:125,8,0,0
BRDA:125,8,1,0
BRDA:127,9,0,0
BRDA:127,9,1,0
BRDA:169,10,0,0
BRDA:169,10,1,0
BRDA:171,11,0,0
BRDA:171,11,1,0
BRDA:180,12,0,0
BRDA:180,12,1,0
BRDA:180,12,2,0
BRDA:198,13,0,0
BRDA:198,13,1,0
BRDA:200,14,0,0
BRDA:200,14,1,0
BRDA:221,15,0,0
BRDA:221,15,1,0
BRF:33
BRH:0
end_of_record
TN:
SF:src/components/agent/index.ts
FNF:0
FNH:0
LF:0
LH:0
BRF:0
BRH:0
end_of_record
TN:
SF:src/components/agent/a2ui/A2UIPortalContainer.tsx
FN:21,A2UIPortalContainer
FN:22,(anonymous_1)
FN:23,(anonymous_2)
FN:24,(anonymous_3)
FN:25,(anonymous_4)
FN:26,(anonymous_5)
FN:30,(anonymous_6)
FN:41,(anonymous_7)
FN:43,(anonymous_8)
FN:54,(anonymous_9)
FN:83,(anonymous_10)
FN:134,(anonymous_11)
FNF:12
FNH:9
FNDA:12,A2UIPortalContainer
FNDA:38,(anonymous_1)
FNDA:38,(anonymous_2)
FNDA:38,(anonymous_3)
FNDA:38,(anonymous_4)
FNDA:38,(anonymous_5)
FNDA:2,(anonymous_6)
FNDA:12,(anonymous_7)
FNDA:12,(anonymous_8)
FNDA:0,(anonymous_9)
FNDA:0,(anonymous_10)
FNDA:0,(anonymous_11)
DA:22,38
DA:23,38
DA:24,38
DA:25,38
DA:26,38
DA:29,12
DA:31,2
DA:32,2
DA:33,2
DA:34,1
DA:41,12
DA:42,12
DA:43,12
DA:47,12
DA:48,4
DA:51,8
DA:54,12
DA:56,0
DA:57,0
DA:60,0
DA:65,12
DA:69,12
DA:70,5
DA:85,0
DA:106,3
DA:107,3
DA:135,0
DA:158,0
DA:159,0
DA:160,0
DA:163,0
LF:31
LH:22
BRDA:31,0,0,2
BRDA:31,0,1,0
BRDA:31,1,0,2
BRDA:31,1,1,2
BRDA:33,2,0,1
BRDA:33,2,1,1
BRDA:47,3,0,4
BRDA:47,3,1,8
BRDA:47,4,0,12
BRDA:47,4,1,9
BRDA:51,5,0,8
BRDA:51,5,1,0
BRDA:56,6,0,0
BRDA:56,6,1,0
BRDA:69,7,0,5
BRDA:69,7,1,7
BRDA:77,8,0,5
BRDA:77,8,1,4
BRDA:79,9,0,5
BRDA:79,9,1,0
BRDA:91,10,0,5
BRDA:91,10,1,3
BRDA:106,11,0,3
BRDA:106,11,1,0
BRDA:116,12,0,3
BRDA:116,12,1,1
BRDA:117,13,0,3
BRDA:117,13,1,1
BRDA:117,14,0,3
BRDA:117,14,1,2
BRDA:117,14,2,1
BRDA:120,15,0,3
BRDA:120,15,1,0
BRDA:128,16,0,3
BRDA:128,16,1,2
BRDA:130,17,0,3
BRDA:130,17,1,0
BRDA:141,18,0,3
BRDA:141,18,1,3
BRDA:158,19,0,0
BRDA:158,19,1,0
BRF:41
BRH:31
end_of_record
TN:
SF:src/components/agent/a2ui/A2UIRenderer.tsx
FN:21,(anonymous_0)
FN:52,(anonymous_1)
FN:91,(anonymous_2)
FN:100,(anonymous_3)
FN:155,(anonymous_4)
FN:190,(anonymous_5)
FN:195,(anonymous_6)
FN:199,(anonymous_7)
FN:204,(anonymous_8)
FN:234,(anonymous_9)
FNF:10
FNH:8
FNDA:2,(anonymous_0)
FNDA:0,(anonymous_1)
FNDA:53,(anonymous_2)
FNDA:52,(anonymous_3)
FNDA:25,(anonymous_4)
FNDA:1,(anonymous_5)
FNDA:2,(anonymous_6)
FNDA:0,(anonymous_7)
FNDA:1,(anonymous_8)
FNDA:1,(anonymous_9)
DA:21,2
DA:22,2
DA:52,2
DA:53,0
DA:91,2
DA:100,53
DA:102,52
DA:103,0
DA:105,52
DA:108,51
DA:110,1
DA:111,1
DA:112,1
DA:114,0
DA:115,0
DA:117,0
DA:122,53
DA:123,0
DA:124,0
DA:128,53
DA:129,0
DA:130,0
DA:134,53
DA:135,2
DA:136,2
DA:140,51
DA:141,51
DA:142,0
DA:146,51
DA:149,51
DA:152,53
DA:155,53
DA:156,25
DA:166,53
DA:191,1
DA:192,1
DA:196,0
DA:200,0
DA:201,0
DA:205,1
DA:206,0
DA:230,1
DA:234,2
DA:238,1
LF:44
LH:30
BRDA:95,0,0,53
BRDA:102,1,0,0
BRDA:102,1,1,52
BRDA:105,2,0,51
BRDA:105,2,1,1
BRDA:114,3,0,0
BRDA:114,3,1,0
BRDA:122,4,0,0
BRDA:122,4,1,53
BRDA:128,5,0,0
BRDA:128,5,1,53
BRDA:128,6,0,53
BRDA:128,6,1,0
BRDA:134,7,0,2
BRDA:134,7,1,51
BRDA:141,8,0,0
BRDA:141,8,1,51
BRDA:149,9,0,1
BRDA:149,9,1,50
BRDA:205,10,0,0
BRDA:205,10,1,1
BRDA:223,11,0,0
BRDA:223,11,1,0
BRF:23
BRH:13
end_of_record
TN:
SF:src/components/agent/a2ui/A2UISurface.tsx
FN:30,(anonymous_0)
FN:41,(anonymous_1)
FN:58,(anonymous_2)
FN:86,(anonymous_3)
FNF:4
FNH:0
FNDA:0,(anonymous_0)
FNDA:0,(anonymous_1)
FNDA:0,(anonymous_2)
FNDA:0,(anonymous_3)
DA:30,0
DA:40,0
DA:42,0
DA:50,0
DA:51,0
DA:57,0
DA:59,0
DA:60,0
DA:66,0
DA:67,0
DA:68,0
DA:71,0
DA:86,0
DA:87,0
LF:14
LH:0
BRDA:66,0,0,0
BRDA:66,0,1,0
BRF:2
BRH:0
end_of_record
TN:
SF:src/components/agent/a2ui/index.ts
FNF:0
FNH:0
LF:0
LH:0
BRF:0
BRH:0
end_of_record
TN:
SF:src/components/agent/a2ui/registry.ts
FN:102,isValidComponentType
FN:109,getComponent
FN:116,registerComponent
FN:126,getRegisteredTypes
FNF:4
FNH:2
FNDA:53,isValidComponentType
FNDA:51,getComponent
FNDA:0,registerComponent
FNDA:0,getRegisteredTypes
DA:75,2
DA:103,53
DA:110,51
DA:117,0
DA:118,0
DA:120,0
DA:127,0
LF:7
LH:3
BRDA:117,0,0,0
BRDA:117,0,1,0
BRF:2
BRH:0
end_of_record
TN:
SF:src/components/agent/a2ui/utils.ts
FN:16,getByPath
FN:41,setByPath
FN:63,deleteByPath
FN:84,resolveBindings
FN:111,wrapActions
FN:126,(anonymous_5)
FN:137,deepMerge
FN:169,generateId
FNF:8
FNH:5
FNDA:13,getByPath
FNDA:1,setByPath
FNDA:0,deleteByPath
FNDA:52,resolveBindings
FNDA:60,wrapActions
FNDA:7,(anonymous_5)
FNDA:0,deepMerge
FNDA:0,generateId
DA:17,13
DA:18,13
DA:20,13
DA:21,24
DA:22,2
DA:25,22
DA:26,22
DA:28,0
DA:32,11
DA:42,1
DA:43,1
DA:45,1
DA:46,0
DA:47,0
DA:49,0
DA:50,0
DA:52,0
DA:55,1
DA:64,0
DA:65,0
DA:67,0
DA:68,0
DA:69,0
DA:70,0
DA:72,0
DA:75,0
DA:88,52
DA:90,35
DA:92,35
DA:93,36
DA:95,11
DA:97,25
DA:101,35
DA:116,60
DA:118,12
DA:120,12
DA:123,12
DA:126,12
DA:127,7
DA:131,12
DA:138,0
DA:140,0
DA:141,0
DA:142,0
DA:143,0
DA:145,0
DA:153,0
DA:158,0
DA:163,0
DA:170,0
LF:50
LH:26
BRDA:21,0,0,2
BRDA:21,0,1,22
BRDA:21,1,0,24
BRDA:21,1,1,24
BRDA:25,2,0,22
BRDA:25,2,1,0
BRDA:47,3,0,0
BRDA:47,3,1,0
BRDA:47,4,0,0
BRDA:47,4,1,0
BRDA:50,5,0,0
BRDA:50,5,1,0
BRDA:69,6,0,0
BRDA:69,6,1,0
BRDA:88,7,0,17
BRDA:88,7,1,35
BRDA:93,8,0,11
BRDA:93,8,1,25
BRDA:116,9,0,48
BRDA:116,9,1,12
BRDA:123,10,0,3
BRDA:123,10,1,9
BRDA:141,11,0,0
BRDA:141,11,1,0
BRDA:145,12,0,0
BRDA:145,12,1,0
BRDA:146,13,0,0
BRDA:146,13,1,0
BRDA:146,13,2,0
BRDA:146,13,3,0
BRDA:146,13,4,0
BRDA:146,13,5,0
BRDA:169,14,0,0
BRF:33
BRH:13
end_of_record
TN:
SF:src/components/agent/a2ui/validators.ts
FN:62,(anonymous_0)
FN:74,validateComponent
FN:116,validateComponentTree
FN:119,validate
FN:143,sanitizeProps
FNF:5
FNH:2
FNDA:0,(anonymous_0)
FNDA:1,validateComponent
FNDA:0,validateComponentTree
FNDA:0,validate
FNDA:50,sanitizeProps
DA:13,2
DA:46,2
DA:63,0
DA:64,0
DA:65,0
DA:66,0
DA:75,1
DA:77,1
DA:78,1
DA:80,1
DA:82,0
DA:83,0
DA:84,0
DA:89,1
DA:90,0
DA:94,1
DA:95,1
DA:96,0
DA:98,1
DA:99,0
DA:106,1
DA:107,0
DA:108,0
DA:117,0
DA:120,0
DA:121,0
DA:123,0
DA:124,0
DA:129,0
DA:130,0
DA:131,0
DA:136,0
DA:137,0
DA:147,50
DA:148,50
DA:150,50
DA:152,33
DA:153,0
DA:154,0
DA:155,0
DA:160,33
DA:161,0
DA:162,0
DA:166,33
DA:167,31
DA:168,31
DA:169,0
DA:170,0
DA:174,33
DA:177,50
LF:50
LH:21
BRDA:77,0,0,1
BRDA:77,0,1,0
BRDA:80,1,0,0
BRDA:80,1,1,1
BRDA:83,2,0,0
BRDA:83,2,1,0
BRDA:83,3,0,0
BRDA:83,3,1,0
BRDA:89,4,0,0
BRDA:89,4,1,1
BRDA:94,5,0,1
BRDA:94,5,1,0
BRDA:95,6,0,0
BRDA:95,6,1,1
BRDA:98,7,0,0
BRDA:98,7,1,1
BRDA:106,8,0,0
BRDA:106,8,1,1
BRDA:123,9,0,0
BRDA:123,9,1,0
BRDA:129,10,0,0
BRDA:129,10,1,0
BRDA:148,11,0,50
BRDA:148,11,1,50
BRDA:152,12,0,0
BRDA:152,12,1,33
BRDA:153,13,0,0
BRDA:153,13,1,0
BRDA:160,14,0,0
BRDA:160,14,1,33
BRDA:166,15,0,31
BRDA:166,15,1,2
BRDA:168,16,0,0
BRDA:168,16,1,31
BRDA:168,17,0,31
BRDA:168,17,1,31
BRF:36
BRH:16
end_of_record
TN:
SF:src/components/agent/a2ui/components/A2UIButton.tsx
FN:21,(anonymous_0)
FNF:1
FNH:1
FNDA:4,(anonymous_0)
DA:21,2
DA:22,4
LF:2
LH:2
BRDA:22,0,0,4
BRDA:22,0,1,4
BRF:2
BRH:2
end_of_record
TN:
SF:src/components/agent/a2ui/components/A2UIContainer.tsx
FN:55,(anonymous_0)
FNF:1
FNH:1
FNDA:3,(anonymous_0)
DA:26,2
DA:33,2
DA:40,2
DA:47,2
DA:55,2
DA:64,3
LF:6
LH:6
BRDA:56,0,0,3
BRDA:57,1,0,3
BRDA:58,2,0,3
BRDA:59,3,0,3
BRDA:60,4,0,3
BRDA:68,5,0,0
BRDA:68,5,1,3
BRF:7
BRH:6
end_of_record
TN:
SF:src/components/agent/a2ui/components/A2UIImage.tsx
FN:41,(anonymous_0)
FN:84,(anonymous_1)
FN:85,(anonymous_2)
FNF:3
FNH:0
FNDA:0,(anonymous_0)
FNDA:0,(anonymous_1)
FNDA:0,(anonymous_2)
DA:26,2
DA:33,2
DA:41,2
DA:50,0
DA:51,0
DA:53,0
DA:54,0
DA:68,0
DA:84,0
DA:86,0
DA:87,0
LF:11
LH:3
BRDA:43,0,0,0
BRDA:46,1,0,0
BRDA:47,2,0,0
BRDA:53,3,0,0
BRDA:53,3,1,0
BRDA:70,4,0,0
BRDA:70,4,1,0
BRDA:81,5,0,0
BRDA:81,5,1,0
BRF:9
BRH:0
end_of_record
TN:
SF:src/components/agent/a2ui/components/A2UIList.tsx
FN:27,(anonymous_0)
FNF:1
FNH:0
FNDA:0,(anonymous_0)
DA:20,2
DA:27,2
DA:33,0
LF:3
LH:2
BRDA:28,0,0,0
BRDA:29,1,0,0
BRDA:37,2,0,0
BRDA:37,2,1,0
BRF:4
BRH:0
end_of_record
TN:
SF:src/components/agent/a2ui/components/A2UIText.tsx
FN:52,(anonymous_0)
FNF:1
FNH:1
FNDA:30,(anonymous_0)
DA:28,2
DA:36,2
DA:45,2
DA:52,2
DA:62,30
DA:64,30
DA:66,30
LF:7
LH:7
BRDA:55,0,0,30
BRDA:56,1,0,30
BRDA:57,2,0,30
BRDA:58,3,0,30
BRDA:62,4,0,0
BRDA:62,4,1,30
BRDA:64,5,0,30
BRDA:64,5,1,1
BRDA:72,6,0,30
BRDA:72,6,1,0
BRDA:76,7,0,30
BRDA:76,7,1,1
BRF:12
BRH:10
end_of_record
TN:
SF:src/components/agent/a2ui/components/ActionButtons.tsx
FN:48,(anonymous_0)
FN:67,(anonymous_1)
FN:73,(anonymous_2)
FNF:3
FNH:0
FNDA:0,(anonymous_0)
FNDA:0,(anonymous_1)
FNDA:0,(anonymous_2)
DA:35,2
DA:41,2
DA:48,2
DA:56,0
DA:68,0
DA:73,0
LF:6
LH:3
BRDA:50,0,0,0
BRDA:51,1,0,0
BRDA:52,2,0,0
BRDA:60,3,0,0
BRDA:60,3,1,0
BRDA:63,4,0,0
BRDA:63,4,1,0
BRDA:63,4,2,0
BRDA:72,5,0,0
BRDA:72,5,1,0
BRDA:74,6,0,0
BRDA:74,6,1,0
BRDA:76,7,0,0
BRDA:76,7,1,0
BRF:14
BRH:0
end_of_record
TN:
SF:src/components/business/AvatarCropper.tsx
FN:32,AvatarCropper
FN:41,(anonymous_1)
FN:48,(anonymous_2)
FN:53,(anonymous_3)
FN:55,(anonymous_4)
FN:83,(anonymous_5)
FN:95,(anonymous_6)
FN:106,(anonymous_7)
FN:152,(anonymous_8)
FNF:9
FNH:0
FNDA:0,AvatarCropper
FNDA:0,(anonymous_1)
FNDA:0,(anonymous_2)
FNDA:0,(anonymous_3)
FNDA:0,(anonymous_4)
FNDA:0,(anonymous_5)
FNDA:0,(anonymous_6)
FNDA:0,(anonymous_7)
FNDA:0,(anonymous_8)
DA:33,0
DA:34,0
DA:35,0
DA:36,0
DA:41,0
DA:42,0
DA:48,0
DA:49,0
DA:50,0
DA:53,0
DA:54,0
DA:55,0
DA:56,0
DA:57,0
DA:59,0
DA:60,0
DA:61,0
DA:65,0
DA:66,0
DA:69,0
DA:82,0
DA:84,0
DA:85,0
DA:87,0
DA:95,0
DA:96,0
DA:99,0
DA:106,0
DA:107,0
DA:108,0
DA:109,0
DA:110,0
DA:113,0
DA:115,0
DA:116,0
DA:118,0
DA:122,0
DA:152,0
LF:38
LH:0
BRDA:49,0,0,0
BRDA:49,0,1,0
BRDA:59,1,0,0
BRDA:59,1,1,0
BRDA:84,2,0,0
BRDA:84,2,1,0
BRDA:165,3,0,0
BRDA:165,3,1,0
BRF:8
BRH:0
end_of_record
TN:
SF:src/components/business/AvatarUploader.tsx
FN:18,AvatarUploader
FN:30,(anonymous_1)
FN:42,(anonymous_2)
FN:44,(anonymous_3)
FN:64,(anonymous_4)
FN:71,(anonymous_5)
FN:81,(anonymous_6)
FN:90,(anonymous_7)
FN:99,(anonymous_8)
FN:107,(anonymous_9)
FN:121,(anonymous_10)
FN:135,(anonymous_11)
FN:144,(anonymous_12)
FN:199,(anonymous_13)
FN:231,(anonymous_14)
FNF:15
FNH:0
FNDA:0,AvatarUploader
FNDA:0,(anonymous_1)
FNDA:0,(anonymous_2)
FNDA:0,(anonymous_3)
FNDA:0,(anonymous_4)
FNDA:0,(anonymous_5)
FNDA:0,(anonymous_6)
FNDA:0,(anonymous_7)
FNDA:0,(anonymous_8)
FNDA:0,(anonymous_9)
FNDA:0,(anonymous_10)
FNDA:0,(anonymous_11)
FNDA:0,(anonymous_12)
FNDA:0,(anonymous_13)
FNDA:0,(anonymous_14)
DA:19,0
DA:20,0
DA:21,0
DA:22,0
DA:23,0
DA:24,0
DA:25,0
DA:30,0
DA:31,0
DA:34,0
DA:35,0
DA:36,0
DA:37,0
DA:41,0
DA:42,0
DA:43,0
DA:44,0
DA:45,0
DA:46,0
DA:47,0
DA:48,0
DA:52,0
DA:53,0
DA:54,0
DA:56,0
DA:58,0
DA:64,0
DA:65,0
DA:71,0
DA:72,0
DA:73,0
DA:74,0
DA:81,0
DA:82,0
DA:83,0
DA:84,0
DA:90,0
DA:91,0
DA:92,0
DA:93,0
DA:99,0
DA:100,0
DA:101,0
DA:107,0
DA:108,0
DA:109,0
DA:110,0
DA:112,0
DA:113,0
DA:114,0
DA:121,0
DA:122,0
DA:123,0
DA:124,0
DA:125,0
DA:126,0
DA:128,0
DA:135,0
DA:136,0
DA:137,0
DA:138,0
DA:144,0
DA:145,0
DA:146,0
DA:147,0
DA:149,0
DA:154,0
DA:200,0
DA:201,0
DA:231,0
LF:70
LH:0
BRDA:18,0,0,0
BRDA:35,1,0,0
BRDA:35,1,1,0
BRDA:36,2,0,0
BRDA:36,2,1,0
BRDA:46,3,0,0
BRDA:46,3,1,0
BRDA:47,4,0,0
BRDA:47,4,1,0
BRDA:73,5,0,0
BRDA:73,5,1,0
BRDA:113,6,0,0
BRDA:113,6,1,0
BRDA:128,7,0,0
BRDA:128,7,1,0
BRDA:145,8,0,0
BRDA:145,8,1,0
BRDA:149,9,0,0
BRDA:149,9,1,0
BRDA:158,10,0,0
BRDA:158,10,1,0
BRDA:172,11,0,0
BRDA:172,11,1,0
BRDA:189,12,0,0
BRDA:189,12,1,0
BRDA:197,13,0,0
BRDA:197,13,1,0
BRDA:197,13,2,0
BRDA:212,14,0,0
BRDA:212,14,1,0
BRDA:212,14,2,0
BRDA:228,15,0,0
BRDA:228,15,1,0
BRDA:248,16,0,0
BRDA:248,16,1,0
BRDA:248,16,2,0
BRDA:248,16,3,0
BRF:37
BRH:0
end_of_record
TN:
SF:src/components/business/ProfileForm.tsx
FN:22,ProfileForm
FN:43,(anonymous_1)
FN:58,(anonymous_2)
FN:71,(anonymous_3)
FN:79,(anonymous_4)
FNF:5
FNH:0
FNDA:0,ProfileForm
FNDA:0,(anonymous_1)
FNDA:0,(anonymous_2)
FNDA:0,(anonymous_3)
FNDA:0,(anonymous_4)
DA:23,0
DA:24,0
DA:31,0
DA:43,0
DA:44,0
DA:45,0
DA:58,0
DA:59,0
DA:60,0
DA:61,0
DA:62,0
DA:64,0
DA:71,0
DA:72,0
DA:73,0
DA:79,0
DA:80,0
DA:83,0
DA:84,0
DA:91,0
LF:20
LH:0
BRDA:22,0,0,0
BRDA:34,1,0,0
BRDA:34,1,1,0
BRDA:35,2,0,0
BRDA:35,2,1,0
BRDA:37,3,0,0
BRDA:37,3,1,0
BRDA:38,4,0,0
BRDA:38,4,1,0
BRDA:44,5,0,0
BRDA:44,5,1,0
BRDA:47,6,0,0
BRDA:47,6,1,0
BRDA:49,7,0,0
BRDA:49,7,1,0
BRDA:50,8,0,0
BRDA:50,8,1,0
BRDA:64,9,0,0
BRDA:64,9,1,0
BRDA:83,10,0,0
BRDA:83,10,1,0
BRDA:96,11,0,0
BRDA:96,11,1,0
BRDA:131,12,0,0
BRDA:131,12,1,0
BRDA:133,13,0,0
BRDA:133,13,1,0
BRDA:145,14,0,0
BRDA:145,14,1,0
BRDA:147,15,0,0
BRDA:147,15,1,0
BRDA:164,16,0,0
BRDA:164,16,1,0
BRDA:174,17,0,0
BRDA:174,17,1,0
BRDA:184,18,0,0
BRDA:184,18,1,0
BRDA:187,19,0,0
BRDA:187,19,1,0
BRDA:199,20,0,0
BRDA:199,20,1,0
BRDA:201,21,0,0
BRDA:201,21,1,0
BRDA:212,22,0,0
BRDA:212,22,1,0
BRDA:214,23,0,0
BRDA:214,23,1,0
BRDA:218,24,0,0
BRDA:218,24,1,0
BRDA:220,25,0,0
BRDA:220,25,1,0
BRDA:221,26,0,0
BRDA:221,26,1,0
BRF:53
BRH:0
end_of_record
TN:
SF:src/components/business/SyncBadge.tsx
FN:25,SyncBadge
FNF:1
FNH:0
FNDA:0,SyncBadge
DA:33,0
DA:66,0
DA:68,0
DA:69,0
DA:72,0
LF:5
LH:0
BRDA:25,0,0,0
BRDA:25,1,0,0
BRDA:35,2,0,0
BRDA:35,2,1,0
BRDA:40,3,0,0
BRDA:40,3,1,0
BRDA:45,4,0,0
BRDA:45,4,1,0
BRDA:50,5,0,0
BRDA:50,5,1,0
BRDA:55,6,0,0
BRDA:55,6,1,0
BRDA:60,7,0,0
BRDA:60,7,1,0
BRDA:68,8,0,0
BRDA:68,8,1,0
BRDA:84,9,0,0
BRDA:84,9,1,0
BRF:18
BRH:0
end_of_record
TN:
SF:src/components/business/SyncStatus.tsx
FN:17,SyncStatus
FN:22,(anonymous_1)
FN:33,(anonymous_2)
FN:154,formatRelativeTime
FNF:4
FNH:0
FNDA:0,SyncStatus
FNDA:0,(anonymous_1)
FNDA:0,(anonymous_2)
FNDA:0,formatRelativeTime
DA:18,0
DA:19,0
DA:20,0
DA:22,0
DA:24,0
DA:33,0
DA:34,0
DA:36,0
DA:37,0
DA:38,0
DA:40,0
DA:42,0
DA:47,0
DA:48,0
DA:52,0
DA:53,0
DA:56,0
DA:155,0
DA:156,0
DA:157,0
DA:158,0
DA:159,0
DA:161,0
DA:162,0
DA:163,0
DA:164,0
DA:165,0
DA:166,0
DA:168,0
LF:29
LH:0
BRDA:25,0,0,0
BRDA:25,0,1,0
BRDA:25,0,2,0
BRDA:25,0,3,0
BRDA:34,1,0,0
BRDA:34,1,1,0
BRDA:34,2,0,0
BRDA:34,2,1,0
BRDA:47,3,0,0
BRDA:47,3,1,0
BRDA:52,4,0,0
BRDA:52,4,1,0
BRDA:64,5,0,0
BRDA:64,5,1,0
BRDA:70,6,0,0
BRDA:70,6,1,0
BRDA:72,7,0,0
BRDA:72,7,1,0
BRDA:72,8,0,0
BRDA:72,8,1,0
BRDA:74,9,0,0
BRDA:74,9,1,0
BRDA:85,10,0,0
BRDA:85,10,1,0
BRDA:87,11,0,0
BRDA:87,11,1,0
BRDA:87,12,0,0
BRDA:87,12,1,0
BRDA:89,13,0,0
BRDA:89,13,1,0
BRDA:91,14,0,0
BRDA:91,14,1,0
BRDA:97,15,0,0
BRDA:97,15,1,0
BRDA:97,15,2,0
BRDA:97,15,3,0
BRDA:116,16,0,0
BRDA:116,16,1,0
BRDA:120,17,0,0
BRDA:120,17,1,0
BRDA:120,17,2,0
BRDA:124,18,0,0
BRDA:124,18,1,0
BRDA:128,19,0,0
BRDA:128,19,1,0
BRDA:136,20,0,0
BRDA:136,20,1,0
BRDA:161,21,0,0
BRDA:161,21,1,0
BRDA:163,22,0,0
BRDA:163,22,1,0
BRDA:165,23,0,0
BRDA:165,23,1,0
BRF:53
BRH:0
end_of_record
TN:
SF:src/components/business/SyncStatusIndicator.tsx
FN:45,getStatusConfig
FN:95,getIconSize
FN:107,SyncStatusIndicator
FN:203,GlobalSyncStatus
FN:224,(anonymous_4)
FNF:5
FNH:0
FNDA:0,getStatusConfig
FNDA:0,getIconSize
FNDA:0,SyncStatusIndicator
FNDA:0,GlobalSyncStatus
FNDA:0,(anonymous_4)
DA:46,0
DA:89,0
DA:96,0
DA:101,0
DA:116,0
DA:117,0
DA:118,0
DA:121,0
DA:123,0
DA:137,0
DA:156,0
DA:212,0
DA:220,0
DA:221,0
DA:224,0
DA:225,0
DA:227,0
DA:228,0
DA:229,0
DA:230,0
DA:231,0
DA:233,0
DA:234,0
DA:235,0
DA:236,0
DA:239,0
LF:26
LH:0
BRDA:111,0,0,0
BRDA:112,1,0,0
BRDA:121,2,0,0
BRDA:121,2,1,0
BRDA:127,3,0,0
BRDA:127,3,1,0
BRDA:132,4,0,0
BRDA:132,4,1,0
BRDA:144,5,0,0
BRDA:144,5,1,0
BRDA:145,6,0,0
BRDA:145,6,1,0
BRDA:145,6,2,0
BRDA:161,7,0,0
BRDA:161,7,1,0
BRDA:166,8,0,0
BRDA:166,8,1,0
BRDA:169,9,0,0
BRDA:169,9,1,0
BRDA:169,9,2,0
BRDA:175,10,0,0
BRDA:175,10,1,0
BRDA:212,11,0,0
BRDA:212,11,1,0
BRDA:214,12,0,0
BRDA:214,12,1,0
BRDA:216,13,0,0
BRDA:216,13,1,0
BRDA:225,14,0,0
BRDA:225,14,1,0
BRDA:233,15,0,0
BRDA:233,15,1,0
BRDA:234,16,0,0
BRDA:234,16,1,0
BRDA:235,17,0,0
BRDA:235,17,1,0
BRDA:244,18,0,0
BRDA:244,18,1,0
BRDA:249,19,0,0
BRDA:249,19,1,0
BRDA:253,20,0,0
BRDA:253,20,1,0
BRDA:258,21,0,0
BRDA:258,21,1,0
BRDA:261,22,0,0
BRDA:261,22,1,0
BRF:46
BRH:0
end_of_record
TN:
SF:src/components/layout/Header/index.tsx
FN:19,Header
FN:24,(anonymous_1)
FN:28,(anonymous_2)
FN:32,(anonymous_3)
FN:60,(anonymous_4)
FNF:5
FNH:0
FNDA:0,Header
FNDA:0,(anonymous_1)
FNDA:0,(anonymous_2)
FNDA:0,(anonymous_3)
FNDA:0,(anonymous_4)
DA:20,0
DA:21,0
DA:22,0
DA:24,0
DA:25,0
DA:28,0
DA:29,0
DA:32,0
DA:33,0
DA:34,0
DA:38,0
DA:41,0
DA:43,0
DA:60,0
LF:14
LH:0
BRDA:38,0,0,0
BRDA:38,0,1,0
BRDA:38,0,2,0
BRDA:56,1,0,0
BRDA:56,1,1,0
BRDA:91,2,0,0
BRDA:91,2,1,0
BRF:7
BRH:0
end_of_record
TN:
SF:src/components/layout/MainLayout/index.tsx
FN:22,InitialSyncLoader
FN:56,MainLayout
FN:61,(anonymous_2)
FN:70,(anonymous_3)
FN:71,(anonymous_4)
FN:74,(anonymous_5)
FN:75,(anonymous_6)
FN:87,(anonymous_7)
FN:97,(anonymous_8)
FN:102,(anonymous_9)
FN:116,(anonymous_10)
FN:124,(anonymous_11)
FNF:12
FNH:0
FNDA:0,InitialSyncLoader
FNDA:0,MainLayout
FNDA:0,(anonymous_2)
FNDA:0,(anonymous_3)
FNDA:0,(anonymous_4)
FNDA:0,(anonymous_5)
FNDA:0,(anonymous_6)
FNDA:0,(anonymous_7)
FNDA:0,(anonymous_8)
FNDA:0,(anonymous_9)
FNDA:0,(anonymous_10)
FNDA:0,(anonymous_11)
DA:17,0
DA:23,0
DA:26,0
DA:27,0
DA:30,0
DA:57,0
DA:59,0
DA:61,0
DA:62,0
DA:63,0
DA:65,0
DA:70,0
DA:71,0
DA:74,0
DA:75,0
DA:76,0
DA:77,0
DA:78,0
DA:82,0
DA:87,0
DA:89,0
DA:90,0
DA:92,0
DA:94,0
DA:97,0
DA:98,0
DA:102,0
DA:103,0
DA:104,0
DA:108,0
DA:116,0
DA:124,0
LF:32
LH:0
BRDA:26,0,0,0
BRDA:26,0,1,0
BRDA:26,1,0,0
BRDA:26,1,1,0
BRDA:36,2,0,0
BRDA:36,2,1,0
BRDA:38,3,0,0
BRDA:38,3,1,0
BRDA:43,4,0,0
BRDA:43,4,1,0
BRDA:89,5,0,0
BRDA:89,5,1,0
BRF:12
BRH:0
end_of_record
TN:
SF:src/components/layout/Sidebar/index.tsx
FN:31,Sidebar
FN:39,(anonymous_1)
FN:102,(anonymous_2)
FNF:3
FNH:3
FNDA:12,Sidebar
FNDA:1,(anonymous_1)
FNDA:48,(anonymous_2)
DA:13,1
DA:37,12
DA:39,12
DA:41,1
DA:44,12
DA:103,48
DA:104,48
DA:106,48
LF:8
LH:8
BRDA:32,0,0,12
BRDA:34,1,0,12
BRDA:47,2,0,12
BRDA:47,2,1,2
BRDA:59,3,0,2
BRDA:59,3,1,10
BRDA:63,4,0,1
BRDA:63,4,1,11
BRDA:70,5,0,1
BRDA:70,5,1,11
BRDA:74,6,0,1
BRDA:74,6,1,11
BRDA:86,7,0,1
BRDA:86,7,1,11
BRDA:99,8,0,1
BRDA:99,8,1,11
BRDA:113,9,0,4
BRDA:113,9,1,44
BRDA:116,10,0,12
BRDA:116,10,1,36
BRDA:123,11,0,48
BRDA:123,11,1,4
BRDA:135,12,0,1
BRDA:135,12,1,11
BRDA:147,13,0,1
BRDA:147,13,1,11
BRDA:149,14,0,1
BRDA:149,14,1,11
BRDA:162,15,0,12
BRDA:162,15,1,1
BRF:30
BRH:30
end_of_record
TN:
SF:src/components/organization/AddMemberDialog.tsx
FN:47,AddMemberDialog
FN:62,(anonymous_1)
FN:71,(anonymous_2)
FN:72,(anonymous_3)
FN:77,(anonymous_4)
FN:78,(anonymous_5)
FN:91,(anonymous_6)
FN:94,(anonymous_7)
FN:128,(anonymous_8)
FN:142,(anonymous_9)
FN:146,(anonymous_10)
FN:193,(anonymous_11)
FN:196,(anonymous_12)
FN:214,(anonymous_13)
FNF:14
FNH:0
FNDA:0,AddMemberDialog
FNDA:0,(anonymous_1)
FNDA:0,(anonymous_2)
FNDA:0,(anonymous_3)
FNDA:0,(anonymous_4)
FNDA:0,(anonymous_5)
FNDA:0,(anonymous_6)
FNDA:0,(anonymous_7)
FNDA:0,(anonymous_8)
FNDA:0,(anonymous_9)
FNDA:0,(anonymous_10)
FNDA:0,(anonymous_11)
FNDA:0,(anonymous_12)
FNDA:0,(anonymous_13)
DA:37,0
DA:42,0
DA:55,0
DA:56,0
DA:57,0
DA:58,0
DA:59,0
DA:60,0
DA:62,0
DA:63,0
DA:64,0
DA:65,0
DA:66,0
DA:67,0
DA:71,0
DA:72,0
DA:73,0
DA:74,0
DA:75,0
DA:76,0
DA:77,0
DA:78,0
DA:79,0
DA:81,0
DA:82,0
DA:84,0
DA:87,0
DA:91,0
DA:94,0
DA:95,0
DA:96,0
DA:98,0
DA:99,0
DA:100,0
DA:101,0
DA:103,0
DA:104,0
DA:106,0
DA:110,0
DA:128,0
DA:143,0
DA:146,0
DA:193,0
DA:196,0
DA:214,0
LF:45
LH:0
BRDA:63,0,0,0
BRDA:63,0,1,0
BRDA:73,1,0,0
BRDA:73,1,1,0
BRDA:96,2,0,0
BRDA:96,2,1,0
BRDA:104,3,0,0
BRDA:104,3,1,0
BRDA:134,4,0,0
BRDA:134,4,1,0
BRDA:136,5,0,0
BRDA:136,5,1,0
BRDA:136,5,2,0
BRDA:136,5,3,0
BRDA:140,6,0,0
BRDA:140,6,1,0
BRDA:148,7,0,0
BRDA:148,7,1,0
BRDA:154,8,0,0
BRDA:154,8,1,0
BRDA:157,9,0,0
BRDA:157,9,1,0
BRDA:160,10,0,0
BRDA:160,10,1,0
BRDA:170,11,0,0
BRDA:170,11,1,0
BRDA:175,12,0,0
BRDA:175,12,1,0
BRDA:178,13,0,0
BRDA:178,13,1,0
BRDA:219,14,0,0
BRDA:219,14,1,0
BRDA:220,15,0,0
BRDA:220,15,1,0
BRF:34
BRH:0
end_of_record
TN:
SF:src/components/organization/AssignTeamDialog.tsx
FN:29,AssignTeamDialog
FN:41,(anonymous_1)
FN:47,(anonymous_2)
FN:61,(anonymous_3)
FN:98,(anonymous_4)
FNF:5
FNH:0
FNDA:0,AssignTeamDialog
FNDA:0,(anonymous_1)
FNDA:0,(anonymous_2)
FNDA:0,(anonymous_3)
FNDA:0,(anonymous_4)
DA:38,0
DA:39,0
DA:41,0
DA:42,0
DA:43,0
DA:47,0
DA:48,0
DA:50,0
DA:51,0
DA:52,0
DA:53,0
DA:55,0
DA:57,0
DA:61,0
DA:62,0
DA:65,0
DA:98,0
LF:17
LH:0
BRDA:42,0,0,0
BRDA:42,0,1,0
BRDA:42,1,0,0
BRDA:42,1,1,0
BRDA:52,2,0,0
BRDA:52,2,1,0
BRDA:79,3,0,0
BRDA:79,3,1,0
BRDA:84,4,0,0
BRDA:84,4,1,0
BRDA:103,5,0,0
BRDA:103,5,1,0
BRDA:104,6,0,0
BRDA:104,6,1,0
BRF:14
BRH:0
end_of_record
TN:
SF:src/components/organization/ChangeRoleDialog.tsx
FN:43,ChangeRoleDialog
FN:54,(anonymous_1)
FN:124,(anonymous_2)
FN:127,(anonymous_3)
FN:144,(anonymous_4)
FNF:5
FNH:0
FNDA:0,ChangeRoleDialog
FNDA:0,(anonymous_1)
FNDA:0,(anonymous_2)
FNDA:0,(anonymous_3)
FNDA:0,(anonymous_4)
DA:32,0
DA:38,0
DA:49,0
DA:52,0
DA:54,0
DA:55,0
DA:56,0
DA:58,0
DA:59,0
DA:60,0
DA:61,0
DA:63,0
DA:64,0
DA:66,0
DA:70,0
DA:72,0
DA:74,0
DA:124,0
DA:127,0
DA:144,0
LF:20
LH:0
BRDA:50,0,0,0
BRDA:50,0,1,0
BRDA:50,1,0,0
BRDA:50,1,1,0
BRDA:56,2,0,0
BRDA:56,2,1,0
BRDA:64,3,0,0
BRDA:64,3,1,0
BRDA:70,4,0,0
BRDA:70,4,1,0
BRDA:87,5,0,0
BRDA:87,5,1,0
BRDA:90,6,0,0
BRDA:90,6,1,0
BRDA:98,7,0,0
BRDA:98,7,1,0
BRDA:147,8,0,0
BRDA:147,8,1,0
BRDA:149,9,0,0
BRDA:149,9,1,0
BRDA:150,10,0,0
BRDA:150,10,1,0
BRDA:151,11,0,0
BRDA:151,11,1,0
BRF:24
BRH:0
end_of_record
TN:
SF:src/components/organization/CreateOrgDialog.tsx
FN:27,CreateOrgDialog
FN:33,(anonymous_1)
FN:74,(anonymous_2)
FN:87,(anonymous_3)
FN:98,(anonymous_4)
FN:108,(anonymous_5)
FNF:6
FNH:0
FNDA:0,CreateOrgDialog
FNDA:0,(anonymous_1)
FNDA:0,(anonymous_2)
FNDA:0,(anonymous_3)
FNDA:0,(anonymous_4)
FNDA:0,(anonymous_5)
DA:28,0
DA:29,0
DA:30,0
DA:31,0
DA:33,0
DA:34,0
DA:35,0
DA:37,0
DA:38,0
DA:39,0
DA:45,0
DA:46,0
DA:47,0
DA:48,0
DA:50,0
DA:52,0
DA:56,0
DA:74,0
DA:87,0
DA:98,0
DA:108,0
LF:21
LH:0
BRDA:35,0,0,0
BRDA:35,0,1,0
BRDA:35,1,0,0
BRDA:35,1,1,0
BRDA:42,2,0,0
BRDA:42,2,1,0
BRDA:43,3,0,0
BRDA:43,3,1,0
BRDA:63,4,0,0
BRDA:63,4,1,0
BRDA:113,5,0,0
BRDA:113,5,1,0
BRDA:113,5,2,0
BRDA:114,6,0,0
BRDA:114,6,1,0
BRF:15
BRH:0
end_of_record
TN:
SF:src/components/organization/OrgTree.tsx
FN:26,OrgTreeNodeComponent
FN:38,(anonymous_1)
FN:45,(anonymous_2)
FN:99,(anonymous_3)
FN:116,OrgTree
FN:118,(anonymous_5)
FN:120,(anonymous_6)
FN:128,(anonymous_7)
FN:129,(anonymous_8)
FN:150,(anonymous_9)
FNF:10
FNH:0
FNDA:0,OrgTreeNodeComponent
FNDA:0,(anonymous_1)
FNDA:0,(anonymous_2)
FNDA:0,(anonymous_3)
FNDA:0,OrgTree
FNDA:0,(anonymous_5)
FNDA:0,(anonymous_6)
FNDA:0,(anonymous_7)
FNDA:0,(anonymous_8)
FNDA:0,(anonymous_9)
DA:34,0
DA:35,0
DA:36,0
DA:38,0
DA:39,0
DA:40,0
DA:41,0
DA:45,0
DA:46,0
DA:49,0
DA:100,0
DA:118,0
DA:119,0
DA:120,0
DA:121,0
DA:122,0
DA:125,0
DA:128,0
DA:129,0
DA:130,0
DA:131,0
DA:132,0
DA:134,0
DA:136,0
DA:140,0
DA:141,0
DA:148,0
DA:151,0
LF:28
LH:0
BRDA:36,0,0,0
BRDA:36,0,1,0
BRDA:40,1,0,0
BRDA:40,1,1,0
BRDA:54,2,0,0
BRDA:54,2,1,0
BRDA:64,3,0,0
BRDA:64,3,1,0
BRDA:65,4,0,0
BRDA:65,4,1,0
BRDA:76,5,0,0
BRDA:76,5,1,0
BRDA:77,6,0,0
BRDA:77,6,1,0
BRDA:89,7,0,0
BRDA:89,7,1,0
BRDA:89,7,2,0
BRDA:97,8,0,0
BRDA:97,8,1,0
BRDA:97,8,2,0
BRDA:121,9,0,0
BRDA:121,9,1,0
BRDA:131,10,0,0
BRDA:131,10,1,0
BRDA:140,11,0,0
BRDA:140,11,1,0
BRF:26
BRH:0
end_of_record
TN:
SF:src/components/organization/OrgTreeSelector.tsx
FN:31,OrgTreeNodeItem
FN:43,(anonymous_1)
FN:50,(anonymous_2)
FN:63,OrgTreeSelector
FN:72,(anonymous_4)
FN:85,(anonymous_5)
FN:108,(anonymous_6)
FNF:7
FNH:0
FNDA:0,OrgTreeNodeItem
FNDA:0,(anonymous_1)
FNDA:0,(anonymous_2)
FNDA:0,OrgTreeSelector
FNDA:0,(anonymous_4)
FNDA:0,(anonymous_5)
FNDA:0,(anonymous_6)
DA:32,0
DA:33,0
DA:35,0
DA:43,0
DA:51,0
DA:70,0
DA:72,0
DA:73,0
DA:74,0
DA:75,0
DA:76,0
DA:77,0
DA:80,0
DA:83,0
DA:85,0
DA:86,0
DA:87,0
DA:90,0
DA:109,0
LF:19
LH:0
BRDA:33,0,0,0
BRDA:33,0,1,0
BRDA:40,1,0,0
BRDA:40,1,1,0
BRDA:47,2,0,0
BRDA:47,2,1,0
BRDA:49,3,0,0
BRDA:49,3,1,0
BRDA:68,4,0,0
BRDA:74,5,0,0
BRDA:74,5,1,0
BRDA:75,6,0,0
BRDA:75,6,1,0
BRDA:77,7,0,0
BRDA:77,7,1,0
BRDA:83,8,0,0
BRDA:83,8,1,0
BRDA:97,9,0,0
BRDA:97,9,1,0
BRDA:104,10,0,0
BRDA:104,10,1,0
BRF:21
BRH:0
end_of_record
TN:
SF:src/components/organization/OrganizationBreadcrumb.tsx
FN:16,getRoleBadgeVariant
FN:27,getRoleLabel
FN:38,OrganizationBreadcrumb
FN:57,(anonymous_3)
FNF:4
FNH:0
FNDA:0,getRoleBadgeVariant
FNDA:0,getRoleLabel
FNDA:0,OrganizationBreadcrumb
FNDA:0,(anonymous_3)
DA:17,0
DA:19,0
DA:21,0
DA:23,0
DA:28,0
DA:30,0
DA:32,0
DA:34,0
DA:44,0
DA:45,0
DA:52,0
DA:54,0
DA:58,0
LF:13
LH:0
BRDA:17,0,0,0
BRDA:17,0,1,0
BRDA:17,0,2,0
BRDA:28,1,0,0
BRDA:28,1,1,0
BRDA:28,1,2,0
BRDA:42,2,0,0
BRDA:44,3,0,0
BRDA:44,3,1,0
BRDA:59,4,0,0
BRDA:59,4,1,0
BRDA:62,5,0,0
BRDA:62,5,1,0
BRF:13
BRH:0
end_of_record
TN:
SF:src/components/organization/TeamMembersList.tsx
FN:22,getRoleBadge
FN:48,getRoleName
FN:59,TeamMembersList
FN:70,(anonymous_3)
FN:94,(anonymous_4)
FN:130,(anonymous_5)
FN:140,(anonymous_6)
FNF:7
FNH:0
FNDA:0,getRoleBadge
FNDA:0,getRoleName
FNDA:0,TeamMembersList
FNDA:0,(anonymous_3)
FNDA:0,(anonymous_4)
FNDA:0,(anonymous_5)
FNDA:0,(anonymous_6)
DA:23,0
DA:25,0
DA:32,0
DA:39,0
DA:49,0
DA:51,0
DA:53,0
DA:55,0
DA:69,0
DA:70,0
DA:72,0
DA:95,0
DA:96,0
DA:130,0
DA:140,0
LF:15
LH:0
BRDA:23,0,0,0
BRDA:23,0,1,0
BRDA:23,0,2,0
BRDA:49,1,0,0
BRDA:49,1,1,0
BRDA:49,1,2,0
BRDA:79,2,0,0
BRDA:79,2,1,0
BRDA:79,2,2,0
BRDA:87,3,0,0
BRDA:87,3,1,0
BRDA:101,4,0,0
BRDA:101,4,1,0
BRDA:106,5,0,0
BRDA:106,5,1,0
BRDA:110,6,0,0
BRDA:110,6,1,0
BRDA:111,7,0,0
BRDA:111,7,1,0
BRDA:124,8,0,0
BRDA:124,8,1,0
BRDA:124,8,2,0
BRDA:126,9,0,0
BRDA:126,9,1,0
BRDA:136,10,0,0
BRDA:136,10,1,0
BRF:26
BRH:0
end_of_record
TN:
SF:src/components/ui/badge.tsx
FN:31,Badge
FNF:1
FNH:1
FNDA:1,Badge
DA:9,2
DA:32,1
LF:2
LH:2
BRF:0
BRH:0
end_of_record
TN:
SF:src/components/ui/button.tsx
FN:54,(anonymous_0)
FNF:1
FNH:1
FNDA:15,(anonymous_0)
DA:10,4
DA:53,4
DA:55,15
DA:56,15
DA:61,4
LF:5
LH:5
BRDA:54,0,0,15
BRDA:55,1,0,0
BRDA:55,1,1,15
BRF:3
BRH:2
end_of_record
TN:
SF:src/components/ui/card.tsx
FN:9,(anonymous_0)
FN:20,(anonymous_1)
FN:27,(anonymous_2)
FN:38,(anonymous_3)
FN:45,(anonymous_4)
FN:52,(anonymous_5)
FNF:6
FNH:6
FNDA:3,(anonymous_0)
FNDA:2,(anonymous_1)
FNDA:2,(anonymous_2)
FNDA:1,(anonymous_3)
FNDA:2,(anonymous_4)
FNDA:1,(anonymous_5)
DA:8,2
DA:10,3
DA:17,2
DA:19,2
DA:21,2
DA:24,2
DA:26,2
DA:28,2
DA:35,2
DA:37,2
DA:39,1
DA:42,2
DA:44,2
DA:46,2
DA:49,2
DA:51,2
DA:53,1
DA:56,2
LF:18
LH:18
BRF:0
BRH:0
end_of_record
TN:
SF:src/components/ui/checkbox.tsx
FN:13,(anonymous_0)
FNF:1
FNH:0
FNDA:0,(anonymous_0)
DA:10,0
DA:14,0
DA:27,0
LF:3
LH:0
BRF:0
BRH:0
end_of_record
TN:
SF:src/components/ui/confirm-dialog.tsx
FN:27,ConfirmDialog
FN:39,(anonymous_1)
FN:57,(anonymous_2)
FN:79,useConfirmDialog
FN:88,(anonymous_4)
FN:89,(anonymous_5)
FN:94,(anonymous_6)
FN:105,confirm
FN:106,(anonymous_8)
FN:112,(anonymous_9)
FN:120,confirmDelete
FN:124,confirmCancel
FN:128,confirmSave
FN:133,GlobalConfirmDialog
FN:150,(anonymous_14)
FNF:15
FNH:0
FNDA:0,ConfirmDialog
FNDA:0,(anonymous_1)
FNDA:0,(anonymous_2)
FNDA:0,useConfirmDialog
FNDA:0,(anonymous_4)
FNDA:0,(anonymous_5)
FNDA:0,(anonymous_6)
FNDA:0,confirm
FNDA:0,(anonymous_8)
FNDA:0,(anonymous_9)
FNDA:0,confirmDelete
FNDA:0,confirmCancel
FNDA:0,confirmSave
FNDA:0,GlobalConfirmDialog
FNDA:0,(anonymous_14)
DA:37,0
DA:39,0
DA:40,0
DA:41,0
DA:42,0
DA:43,0
DA:45,0
DA:49,0
DA:57,0
DA:74,0
DA:77,0
DA:80,0
DA:85,0
DA:89,0
DA:90,0
DA:91,0
DA:95,0
DA:96,0
DA:97,0
DA:98,0
DA:106,0
DA:107,0
DA:108,0
DA:109,0
DA:112,0
DA:115,0
DA:121,0
DA:125,0
DA:129,0
DA:134,0
DA:140,0
DA:141,0
DA:144,0
DA:146,0
DA:151,0
DA:152,0
DA:153,0
DA:154,0
DA:155,0
LF:39
LH:0
BRDA:32,0,0,0
BRDA:33,1,0,0
BRDA:35,2,0,0
BRDA:61,3,0,0
BRDA:61,3,1,0
BRDA:87,4,0,0
BRDA:87,4,1,0
BRDA:96,5,0,0
BRDA:96,5,1,0
BRDA:107,6,0,0
BRDA:107,6,1,0
BRDA:140,7,0,0
BRDA:140,7,1,0
BRDA:144,8,0,0
BRDA:144,8,1,0
BRDA:151,9,0,0
BRDA:151,9,1,0
BRDA:153,10,0,0
BRDA:153,10,1,0
BRF:19
BRH:0
end_of_record
TN:
SF:src/components/ui/dialog.tsx
FN:20,(anonymous_0)
FN:35,(anonymous_1)
FN:56,(anonymous_2)
FN:61,(anonymous_3)
FN:72,(anonymous_4)
FN:84,(anonymous_5)
FNF:6
FNH:0
FNDA:0,(anonymous_0)
FNDA:0,(anonymous_1)
FNDA:0,(anonymous_2)
FNDA:0,(anonymous_3)
FNDA:0,(anonymous_4)
FNDA:0,(anonymous_5)
DA:9,0
DA:11,0
DA:13,0
DA:15,0
DA:17,0
DA:21,0
DA:30,0
DA:32,0
DA:36,0
DA:54,0
DA:56,0
DA:57,0
DA:59,0
DA:61,0
DA:62,0
DA:67,0
DA:69,0
DA:73,0
DA:79,0
DA:81,0
DA:85,0
DA:91,0
LF:22
LH:0
BRF:0
BRH:0
end_of_record
TN:
SF:src/components/ui/dropdown-menu.tsx
FN:27,(anonymous_0)
FN:48,(anonymous_1)
FN:69,(anonymous_2)
FN:95,(anonymous_3)
FN:114,(anonymous_4)
FN:140,(anonymous_5)
FN:167,(anonymous_6)
FN:179,(anonymous_7)
FN:188,(anonymous_8)
FNF:9
FNH:0
FNDA:0,(anonymous_0)
FNDA:0,(anonymous_1)
FNDA:0,(anonymous_2)
FNDA:0,(anonymous_3)
FNDA:0,(anonymous_4)
FNDA:0,(anonymous_5)
FNDA:0,(anonymous_6)
FNDA:0,(anonymous_7)
FNDA:0,(anonymous_8)
DA:10,0
DA:12,0
DA:14,0
DA:16,0
DA:18,0
DA:20,0
DA:22,0
DA:28,0
DA:43,0
DA:45,0
DA:49,0
DA:64,0
DA:66,0
DA:70,0
DA:88,0
DA:90,0
DA:96,0
DA:109,0
DA:111,0
DA:115,0
DA:135,0
DA:137,0
DA:141,0
DA:160,0
DA:162,0
DA:168,0
DA:174,0
DA:176,0
DA:180,0
DA:186,0
DA:188,0
DA:189,0
DA:191,0
LF:33
LH:0
BRDA:34,0,0,0
BRDA:34,0,1,0
BRDA:69,1,0,0
BRDA:103,2,0,0
BRDA:103,2,1,0
BRDA:170,3,0,0
BRDA:170,3,1,0
BRF:7
BRH:0
end_of_record
TN:
SF:src/components/ui/empty-state.tsx
FN:21,EmptyState
FN:48,EmptyPhotos
FN:66,EmptyAlbums
FN:84,EmptySearchResults
FN:90,EmptyPersons
FN:100,EmptyTimeline
FN:111,ErrorState
FNF:7
FNH:0
FNDA:0,EmptyState
FNDA:0,EmptyPhotos
FNDA:0,EmptyAlbums
FNDA:0,EmptySearchResults
FNDA:0,EmptyPersons
FNDA:0,EmptyTimeline
FNDA:0,ErrorState
DA:28,0
DA:49,0
DA:67,0
DA:85,0
DA:91,0
DA:101,0
DA:120,0
LF:7
LH:0
BRDA:22,0,0,0
BRDA:36,1,0,0
BRDA:36,1,1,0
BRDA:37,2,0,0
BRDA:37,2,1,0
BRDA:39,3,0,0
BRDA:39,3,1,0
BRDA:55,4,0,0
BRDA:55,4,1,0
BRDA:73,5,0,0
BRDA:73,5,1,0
BRDA:112,6,0,0
BRDA:113,7,0,0
BRDA:126,8,0,0
BRDA:126,8,1,0
BRF:15
BRH:0
end_of_record
TN:
SF:src/components/ui/error-boundary.tsx
FN:24,(anonymous_0)
FN:33,(anonymous_1)
FN:40,(anonymous_2)
FN:60,(anonymous_3)
FN:69,(anonymous_4)
FN:82,(anonymous_5)
FN:102,(anonymous_6)
FN:109,(anonymous_7)
FN:116,(anonymous_8)
FN:132,(anonymous_9)
FN:185,(anonymous_10)
FN:207,(anonymous_11)
FN:216,(anonymous_12)
FN:223,(anonymous_13)
FN:231,(anonymous_14)
FN:240,(anonymous_15)
FN:273,withErrorBoundary
FN:277,(anonymous_17)
FNF:18
FNH:0
FNDA:0,(anonymous_0)
FNDA:0,(anonymous_1)
FNDA:0,(anonymous_2)
FNDA:0,(anonymous_3)
FNDA:0,(anonymous_4)
FNDA:0,(anonymous_5)
FNDA:0,(anonymous_6)
FNDA:0,(anonymous_7)
FNDA:0,(anonymous_8)
FNDA:0,(anonymous_9)
FNDA:0,(anonymous_10)
FNDA:0,(anonymous_11)
FNDA:0,(anonymous_12)
FNDA:0,(anonymous_13)
FNDA:0,(anonymous_14)
FNDA:0,(anonymous_15)
FNDA:0,withErrorBoundary
FNDA:0,(anonymous_17)
DA:25,0
DA:26,0
DA:34,0
DA:41,0
DA:43,0
DA:44,0
DA:52,0
DA:57,0
DA:60,0
DA:61,0
DA:66,0
DA:70,0
DA:72,0
DA:74,0
DA:76,0
DA:78,0
DA:83,0
DA:84,0
DA:86,0
DA:88,0
DA:90,0
DA:92,0
DA:94,0
DA:96,0
DA:99,0
DA:103,0
DA:104,0
DA:106,0
DA:110,0
DA:111,0
DA:113,0
DA:117,0
DA:118,0
DA:120,0
DA:122,0
DA:124,0
DA:126,0
DA:129,0
DA:133,0
DA:134,0
DA:135,0
DA:138,0
DA:185,0
DA:195,0
DA:208,0
DA:209,0
DA:217,0
DA:224,0
DA:225,0
DA:231,0
DA:232,0
DA:237,0
DA:241,0
DA:242,0
DA:268,0
DA:277,0
DA:278,0
DA:283,0
DA:285,0
LF:59
LH:0
BRDA:43,0,0,0
BRDA:43,0,1,0
BRDA:70,1,0,0
BRDA:70,1,1,0
BRDA:70,1,2,0
BRDA:70,1,3,0
BRDA:83,2,0,0
BRDA:83,2,1,0
BRDA:84,3,0,0
BRDA:84,3,1,0
BRDA:84,3,2,0
BRDA:84,3,3,0
BRDA:84,3,4,0
BRDA:84,3,5,0
BRDA:103,4,0,0
BRDA:103,4,1,0
BRDA:110,5,0,0
BRDA:110,5,1,0
BRDA:117,6,0,0
BRDA:117,6,1,0
BRDA:118,7,0,0
BRDA:118,7,1,0
BRDA:118,7,2,0
BRDA:118,7,3,0
BRDA:133,8,0,0
BRDA:133,8,1,0
BRDA:134,9,0,0
BRDA:134,9,1,0
BRDA:145,10,0,0
BRDA:145,10,1,0
BRDA:154,11,0,0
BRDA:154,11,1,0
BRDA:154,11,2,0
BRDA:163,12,0,0
BRDA:163,12,1,0
BRDA:163,12,2,0
BRDA:168,13,0,0
BRDA:168,13,1,0
BRDA:179,14,0,0
BRDA:179,14,1,0
BRDA:241,15,0,0
BRDA:241,15,1,0
BRDA:248,16,0,0
BRDA:248,16,1,0
BRDA:251,17,0,0
BRDA:251,17,1,0
BRDA:283,18,0,0
BRDA:283,18,1,0
BRF:48
BRH:0
end_of_record
TN:
SF:src/components/ui/input.tsx
FN:9,(anonymous_0)
FNF:1
FNH:1
FNDA:1,(anonymous_0)
DA:8,2
DA:10,1
DA:23,2
LF:3
LH:3
BRF:0
BRH:0
end_of_record
TN:
SF:src/components/ui/label.tsx
FN:17,(anonymous_0)
FNF:1
FNH:0
FNDA:0,(anonymous_0)
DA:10,0
DA:14,0
DA:18,0
DA:20,0
LF:4
LH:0
BRF:0
BRH:0
end_of_record
TN:
SF:src/components/ui/loading.tsx
FN:5,LoadingSpinner
FN:25,InlineSpinner
FNF:2
FNH:0
FNDA:0,LoadingSpinner
FNDA:0,InlineSpinner
DA:6,0
DA:26,0
DA:32,0
LF:3
LH:0
BRDA:25,0,0,0
BRF:1
BRH:0
end_of_record
TN:
SF:src/components/ui/progress.tsx
FN:12,(anonymous_0)
FNF:1
FNH:1
FNDA:1,(anonymous_0)
DA:9,2
DA:13,1
DA:24,2
LF:3
LH:3
BRDA:20,0,0,1
BRDA:20,0,1,0
BRF:2
BRH:1
end_of_record
TN:
SF:src/components/ui/radio-group.tsx
FN:13,(anonymous_0)
FN:21,(anonymous_1)
FNF:2
FNH:0
FNDA:0,(anonymous_0)
FNDA:0,(anonymous_1)
DA:10,0
DA:14,0
DA:16,0
DA:18,0
DA:22,0
DA:37,0
LF:6
LH:0
BRF:0
BRH:0
end_of_record
TN:
SF:src/components/ui/search-bar.tsx
FN:28,SearchBar
FN:39,(anonymous_1)
FN:40,(anonymous_2)
FN:46,(anonymous_3)
FN:49,(anonymous_4)
FN:54,(anonymous_5)
FN:66,(anonymous_6)
FN:80,(anonymous_7)
FN:103,(anonymous_8)
FN:108,(anonymous_9)
FN:125,(anonymous_10)
FN:141,highlightText
FN:145,(anonymous_12)
FNF:13
FNH:0
FNDA:0,SearchBar
FNDA:0,(anonymous_1)
FNDA:0,(anonymous_2)
FNDA:0,(anonymous_3)
FNDA:0,(anonymous_4)
FNDA:0,(anonymous_5)
FNDA:0,(anonymous_6)
FNDA:0,(anonymous_7)
FNDA:0,(anonymous_8)
FNDA:0,(anonymous_9)
FNDA:0,(anonymous_10)
FNDA:0,highlightText
FNDA:0,(anonymous_12)
DA:34,0
DA:35,0
DA:36,0
DA:39,0
DA:40,0
DA:41,0
DA:42,0
DA:46,0
DA:49,0
DA:50,0
DA:51,0
DA:54,0
DA:55,0
DA:58,0
DA:66,0
DA:80,0
DA:104,0
DA:109,0
DA:126,0
DA:127,0
DA:142,0
DA:144,0
DA:145,0
DA:146,0
LF:24
LH:0
BRDA:30,0,0,0
BRDA:31,1,0,0
BRDA:41,2,0,0
BRDA:41,2,1,0
BRDA:41,3,0,0
BRDA:41,3,1,0
BRDA:71,4,0,0
BRDA:71,4,1,0
BRDA:76,5,0,0
BRDA:76,5,1,0
BRDA:81,6,0,0
BRDA:81,6,1,0
BRDA:90,7,0,0
BRDA:90,7,1,0
BRDA:90,7,2,0
BRDA:106,8,0,0
BRDA:106,8,1,0
BRDA:142,9,0,0
BRDA:142,9,1,0
BRDA:146,10,0,0
BRDA:146,10,1,0
BRF:21
BRH:0
end_of_record
TN:
SF:src/components/ui/skeleton.tsx
FN:13,Skeleton
FN:47,PhotoCardSkeleton
FN:60,AlbumCoverSkeleton
FN:77,TimelineItemSkeleton
FN:82,(anonymous_4)
FN:91,PersonTagSkeleton
FN:101,PersonListSkeleton
FN:104,(anonymous_7)
FN:116,PhotoDetailSkeleton
FN:126,(anonymous_9)
FN:134,(anonymous_10)
FN:145,ListSkeleton
FN:148,(anonymous_12)
FN:162,GridSkeleton
FN:165,(anonymous_14)
FNF:15
FNH:0
FNDA:0,Skeleton
FNDA:0,PhotoCardSkeleton
FNDA:0,AlbumCoverSkeleton
FNDA:0,TimelineItemSkeleton
FNDA:0,(anonymous_4)
FNDA:0,PersonTagSkeleton
FNDA:0,PersonListSkeleton
FNDA:0,(anonymous_7)
FNDA:0,PhotoDetailSkeleton
FNDA:0,(anonymous_9)
FNDA:0,(anonymous_10)
FNDA:0,ListSkeleton
FNDA:0,(anonymous_12)
FNDA:0,GridSkeleton
FNDA:0,(anonymous_14)
DA:21,0
DA:28,0
DA:34,0
DA:48,0
DA:61,0
DA:78,0
DA:83,0
DA:92,0
DA:102,0
DA:105,0
DA:117,0
DA:127,0
DA:135,0
DA:146,0
DA:149,0
DA:163,0
DA:166,0
LF:17
LH:0
BRDA:15,0,0,0
BRDA:18,1,0,0
BRDA:38,2,0,0
BRDA:38,2,1,0
BRDA:38,3,0,0
BRDA:38,3,1,0
BRDA:39,4,0,0
BRDA:39,4,1,0
BRDA:39,5,0,0
BRDA:39,5,1,0
BRDA:145,6,0,0
BRDA:162,7,0,0
BRF:12
BRH:0
end_of_record
TN:
SF:src/components/ui/slider.tsx
FN:13,(anonymous_0)
FNF:1
FNH:0
FNDA:0,(anonymous_0)
DA:10,2
DA:14,0
DA:25,2
LF:3
LH:2
BRF:0
BRH:0
end_of_record
TN:
SF:src/components/ui/sync-status-indicator.tsx
FN:25,SyncStatusIndicator
FN:42,(anonymous_1)
FN:59,(anonymous_2)
FN:84,(anonymous_3)
FN:99,(anonymous_4)
FN:216,SyncStatusBadge
FNF:6
FNH:0
FNDA:0,SyncStatusIndicator
FNDA:0,(anonymous_1)
FNDA:0,(anonymous_2)
FNDA:0,(anonymous_3)
FNDA:0,(anonymous_4)
FNDA:0,SyncStatusBadge
DA:37,0
DA:39,0
DA:42,0
DA:43,0
DA:44,0
DA:45,0
DA:46,0
DA:47,0
DA:48,0
DA:49,0
DA:51,0
DA:54,0
DA:59,0
DA:60,0
DA:61,0
DA:64,0
DA:65,0
DA:68,0
DA:69,0
DA:72,0
DA:73,0
DA:76,0
DA:77,0
DA:80,0
DA:84,0
DA:85,0
DA:86,0
DA:87,0
DA:88,0
DA:90,0
DA:92,0
DA:93,0
DA:94,0
DA:95,0
DA:99,0
DA:100,0
DA:101,0
DA:102,0
DA:103,0
DA:104,0
DA:105,0
DA:109,0
DA:110,0
DA:157,0
DA:217,0
DA:219,0
DA:220,0
DA:228,0
DA:229,0
DA:237,0
DA:238,0
DA:246,0
DA:247,0
DA:255,0
DA:256,0
DA:264,0
LF:56
LH:0
BRDA:25,0,0,0
BRDA:43,1,0,0
BRDA:43,1,1,0
BRDA:46,2,0,0
BRDA:46,2,1,0
BRDA:48,3,0,0
BRDA:48,3,1,0
BRDA:60,4,0,0
BRDA:60,4,1,0
BRDA:64,5,0,0
BRDA:64,5,1,0
BRDA:64,6,0,0
BRDA:64,6,1,0
BRDA:68,7,0,0
BRDA:68,7,1,0
BRDA:72,8,0,0
BRDA:72,8,1,0
BRDA:76,9,0,0
BRDA:76,9,1,0
BRDA:85,10,0,0
BRDA:85,10,1,0
BRDA:86,11,0,0
BRDA:86,11,1,0
BRDA:87,12,0,0
BRDA:87,12,1,0
BRDA:92,13,0,0
BRDA:92,13,1,0
BRDA:93,14,0,0
BRDA:93,14,1,0
BRDA:94,15,0,0
BRDA:94,15,1,0
BRDA:100,16,0,0
BRDA:100,16,1,0
BRDA:101,17,0,0
BRDA:101,17,1,0
BRDA:102,18,0,0
BRDA:102,18,1,0
BRDA:103,19,0,0
BRDA:103,19,1,0
BRDA:104,20,0,0
BRDA:104,20,1,0
BRDA:109,21,0,0
BRDA:109,21,1,0
BRDA:115,22,0,0
BRDA:115,22,1,0
BRDA:122,23,0,0
BRDA:122,23,1,0
BRDA:122,23,2,0
BRDA:131,24,0,0
BRDA:131,24,1,0
BRDA:134,25,0,0
BRDA:134,25,1,0
BRDA:142,26,0,0
BRDA:142,26,1,0
BRDA:145,27,0,0
BRDA:145,27,1,0
BRDA:145,27,2,0
BRDA:145,27,3,0
BRDA:174,28,0,0
BRDA:174,28,1,0
BRDA:174,28,2,0
BRDA:185,29,0,0
BRDA:185,29,1,0
BRDA:195,30,0,0
BRDA:195,30,1,0
BRDA:195,30,2,0
BRDA:195,30,3,0
BRDA:198,31,0,0
BRDA:198,31,1,0
BRDA:205,32,0,0
BRDA:205,32,1,0
BRDA:219,33,0,0
BRDA:219,33,1,0
BRDA:228,34,0,0
BRDA:228,34,1,0
BRDA:237,35,0,0
BRDA:237,35,1,0
BRDA:246,36,0,0
BRDA:246,36,1,0
BRDA:255,37,0,0
BRDA:255,37,1,0
BRF:81
BRH:0
end_of_record
TN:
SF:src/components/ui/tabs.tsx
FN:14,(anonymous_0)
FN:29,(anonymous_1)
FN:44,(anonymous_2)
FNF:3
FNH:0
FNDA:0,(anonymous_0)
FNDA:0,(anonymous_1)
FNDA:0,(anonymous_2)
DA:9,0
DA:11,0
DA:15,0
DA:24,0
DA:26,0
DA:30,0
DA:39,0
DA:41,0
DA:45,0
DA:54,0
LF:10
LH:0
BRF:0
BRH:0
end_of_record
TN:
SF:src/components/ui/textarea.tsx
FN:13,(anonymous_0)
FNF:1
FNH:0
FNDA:0,(anonymous_0)
DA:12,0
DA:14,0
DA:26,0
LF:3
LH:0
BRF:0
BRH:0
end_of_record
TN:
SF:src/components/ui/theme-toggle.tsx
FN:36,ThemeToggle
FN:49,(anonymous_1)
FN:89,(anonymous_2)
FN:92,(anonymous_3)
FNF:4
FNH:0
FNDA:0,ThemeToggle
FNDA:0,(anonymous_1)
FNDA:0,(anonymous_2)
FNDA:0,(anonymous_3)
DA:41,0
DA:44,0
DA:45,0
DA:49,0
DA:60,0
DA:67,0
DA:75,0
DA:90,0
DA:92,0
LF:9
LH:0
BRDA:37,0,0,0
BRDA:38,1,0,0
BRDA:44,2,0,0
BRDA:44,2,1,0
BRDA:48,3,0,0
BRDA:48,3,1,0
BRDA:49,4,0,0
BRDA:49,4,1,0
BRDA:51,5,0,0
BRDA:51,5,1,0
BRDA:53,6,0,0
BRDA:53,6,1,0
BRDA:67,7,0,0
BRDA:67,7,1,0
BRDA:69,8,0,0
BRDA:69,8,1,0
BRDA:80,9,0,0
BRDA:80,9,1,0
BRDA:95,10,0,0
BRDA:95,10,1,0
BRDA:100,11,0,0
BRDA:100,11,1,0
BRF:22
BRH:0
end_of_record
TN:
SF:src/components/ui/toaster.tsx
FN:44,ToastItem
FN:49,(anonymous_1)
FN:52,(anonymous_2)
FN:89,Toaster
FN:95,(anonymous_4)
FN:96,(anonymous_5)
FNF:6
FNH:0
FNDA:0,ToastItem
FNDA:0,(anonymous_1)
FNDA:0,(anonymous_2)
FNDA:0,Toaster
FNDA:0,(anonymous_4)
FNDA:0,(anonymous_5)
DA:16,0
DA:45,0
DA:46,0
DA:47,0
DA:49,0
DA:50,0
DA:51,0
DA:52,0
DA:56,0
DA:90,0
DA:92,0
DA:96,0
LF:12
LH:0
BRDA:45,0,0,0
BRDA:45,0,1,0
BRDA:50,1,0,0
BRDA:50,1,1,0
BRDA:50,2,0,0
BRDA:50,2,1,0
BRDA:67,3,0,0
BRDA:67,3,1,0
BRDA:68,4,0,0
BRDA:68,4,1,0
BRDA:69,5,0,0
BRDA:69,5,1,0
BRF:12
BRH:0
end_of_record
TN:
SF:src/components/ui/tooltip.tsx
FN:35,(anonymous_0)
FN:38,TooltipProvider
FN:43,Tooltip
FN:53,TooltipTrigger
FN:56,(anonymous_4)
FN:57,(anonymous_5)
FN:73,TooltipContent
FNF:7
FNH:0
FNDA:0,(anonymous_0)
FNDA:0,TooltipProvider
FNDA:0,Tooltip
FNDA:0,TooltipTrigger
FNDA:0,(anonymous_4)
FNDA:0,(anonymous_5)
FNDA:0,TooltipContent
DA:30,0
DA:40,0
DA:44,0
DA:46,0
DA:54,0
DA:56,0
DA:57,0
DA:59,0
DA:60,0
DA:66,0
DA:74,0
DA:76,0
DA:79,0
DA:86,0
DA:95,0
LF:15
LH:0
BRDA:59,0,0,0
BRDA:59,0,1,0
BRDA:59,1,0,0
BRDA:59,1,1,0
BRDA:73,2,0,0
BRDA:76,3,0,0
BRDA:76,3,1,0
BRF:7
BRH:0
end_of_record
TN:
SF:src/config/agentSuggestions.ts
FN:194,getContextualSuggestions
FN:205,(anonymous_1)
FNF:2
FNH:2
FNDA:6,getContextualSuggestions
FNDA:22,(anonymous_1)
DA:43,1
DA:57,1
DA:180,1
DA:199,6
DA:202,6
DA:205,6
DA:207,22
DA:208,0
DA:213,22
DA:216,6
LF:10
LH:9
BRDA:207,0,0,0
BRDA:207,0,1,22
BRDA:207,1,0,22
BRDA:207,1,1,0
BRF:4
BRH:2
end_of_record
TN:
SF:src/config/constants.ts
FNF:0
FNH:0
DA:8,0
DA:13,0
DA:21,0
DA:29,0
DA:39,0
DA:53,0
LF:6
LH:0
BRDA:8,0,0,0
BRDA:8,0,1,0
BRF:2
BRH:0
end_of_record
TN:
SF:src/config/routes.tsx
FN:11,(anonymous_0)
FN:12,(anonymous_1)
FN:13,(anonymous_2)
FN:14,(anonymous_3)
FN:15,(anonymous_4)
FN:18,(anonymous_5)
FN:19,(anonymous_6)
FN:71,AppRouter
FNF:8
FNH:0
FNDA:0,(anonymous_0)
FNDA:0,(anonymous_1)
FNDA:0,(anonymous_2)
FNDA:0,(anonymous_3)
FNDA:0,(anonymous_4)
FNDA:0,(anonymous_5)
FNDA:0,(anonymous_6)
FNDA:0,AppRouter
DA:11,0
DA:12,0
DA:13,0
DA:14,0
DA:15,0
DA:18,0
DA:19,0
DA:24,0
DA:72,0
LF:9
LH:0
BRF:0
BRH:0
end_of_record
TN:
SF:src/hooks/useAgentChat.ts
FN:20,generateId
FN:47,useAgentChat
FN:57,(anonymous_2)
FN:58,(anonymous_3)
FN:59,(anonymous_4)
FN:60,(anonymous_5)
FN:61,(anonymous_6)
FN:62,(anonymous_7)
FN:68,(anonymous_8)
FN:69,(anonymous_9)
FN:74,(anonymous_10)
FN:98,(anonymous_11)
FN:115,(anonymous_12)
FN:138,(anonymous_13)
FN:158,(anonymous_14)
FN:179,(anonymous_15)
FN:181,(anonymous_16)
FN:225,(anonymous_17)
FN:245,(anonymous_18)
FN:280,(anonymous_19)
FN:300,(anonymous_20)
FNF:21
FNH:0
FNDA:0,generateId
FNDA:0,useAgentChat
FNDA:0,(anonymous_2)
FNDA:0,(anonymous_3)
FNDA:0,(anonymous_4)
FNDA:0,(anonymous_5)
FNDA:0,(anonymous_6)
FNDA:0,(anonymous_7)
FNDA:0,(anonymous_8)
FNDA:0,(anonymous_9)
FNDA:0,(anonymous_10)
FNDA:0,(anonymous_11)
FNDA:0,(anonymous_12)
FNDA:0,(anonymous_13)
FNDA:0,(anonymous_14)
FNDA:0,(anonymous_15)
FNDA:0,(anonymous_16)
FNDA:0,(anonymous_17)
FNDA:0,(anonymous_18)
FNDA:0,(anonymous_19)
FNDA:0,(anonymous_20)
DA:21,0
DA:49,0
DA:52,0
DA:53,0
DA:57,0
DA:58,0
DA:59,0
DA:60,0
DA:61,0
DA:62,0
DA:65,0
DA:68,0
DA:69,0
DA:70,0
DA:71,0
DA:74,0
DA:75,0
DA:80,0
DA:83,0
DA:86,0
DA:88,0
DA:90,0
DA:92,0
DA:97,0
DA:99,0
DA:101,0
DA:102,0
DA:114,0
DA:116,0
DA:119,0
DA:122,0
DA:125,0
DA:126,0
DA:137,0
DA:139,0
DA:142,0
DA:145,0
DA:146,0
DA:157,0
DA:159,0
DA:162,0
DA:163,0
DA:169,0
DA:170,0
DA:172,0
DA:173,0
DA:176,0
DA:177,0
DA:179,0
DA:180,0
DA:181,0
DA:182,0
DA:184,0
DA:190,0
DA:191,0
DA:198,0
DA:201,0
DA:206,0
DA:208,0
DA:212,0
DA:216,0
DA:224,0
DA:226,0
DA:229,0
DA:230,0
DA:236,0
DA:237,0
DA:245,0
DA:246,0
DA:247,0
DA:250,0
DA:251,0
DA:257,0
DA:267,0
DA:280,0
DA:281,0
DA:284,0
DA:285,0
DA:286,0
DA:290,0
DA:293,0
DA:299,0
DA:301,0
DA:302,0
DA:305,0
DA:306,0
DA:307,0
DA:311,0
DA:312,0
DA:313,0
DA:316,0
DA:317,0
DA:320,0
DA:326,0
DA:329,0
DA:330,0
DA:332,0
DA:339,0
DA:342,0
DA:343,0
DA:346,0
DA:347,0
DA:350,0
DA:351,0
DA:359,0
DA:360,0
DA:363,0
DA:369,0
LF:108
LH:0
BRDA:101,0,0,0
BRDA:101,0,1,0
BRDA:125,1,0,0
BRDA:125,1,1,0
BRDA:145,2,0,0
BRDA:145,2,1,0
BRDA:162,3,0,0
BRDA:162,3,1,0
BRDA:169,4,0,0
BRDA:169,4,1,0
BRDA:176,5,0,0
BRDA:176,5,1,0
BRDA:180,6,0,0
BRDA:180,6,1,0
BRDA:182,7,0,0
BRDA:182,7,1,0
BRDA:190,8,0,0
BRDA:190,8,1,0
BRDA:229,9,0,0
BRDA:229,9,1,0
BRDA:232,10,0,0
BRDA:232,10,1,0
BRDA:250,11,0,0
BRDA:250,11,1,0
BRDA:284,12,0,0
BRDA:284,12,1,0
BRDA:302,13,0,0
BRDA:302,13,1,0
BRDA:306,14,0,0
BRDA:306,14,1,0
BRF:30
BRH:0
end_of_record
TN:
SF:src/hooks/useAgentContext.ts
FN:18,useCurrentPage
FN:22,(anonymous_1)
FN:37,useAgentContext
FN:41,(anonymous_3)
FN:60,useAgentContextSync
FN:65,(anonymous_5)
FN:73,generateContextSummary
FNF:7
FNH:0
FNDA:0,useCurrentPage
FNDA:0,(anonymous_1)
FNDA:0,useAgentContext
FNDA:0,(anonymous_3)
FNDA:0,useAgentContextSync
FNDA:0,(anonymous_5)
FNDA:0,generateContextSummary
DA:19,0
DA:20,0
DA:22,0
DA:23,0
DA:24,0
DA:25,0
DA:26,0
DA:27,0
DA:28,0
DA:38,0
DA:40,0
DA:41,0
DA:61,0
DA:62,0
DA:65,0
DA:66,0
DA:74,0
DA:77,0
DA:85,0
DA:87,0
LF:20
LH:0
BRDA:23,0,0,0
BRDA:23,0,1,0
BRDA:23,1,0,0
BRDA:23,1,1,0
BRDA:24,2,0,0
BRDA:24,2,1,0
BRDA:25,3,0,0
BRDA:25,3,1,0
BRDA:26,4,0,0
BRDA:26,4,1,0
BRDA:27,5,0,0
BRDA:27,5,1,0
BRF:12
BRH:0
end_of_record
TN:
SF:src/hooks/useContextualSuggestions.ts
FN:44,useContextualSuggestions
FN:47,(anonymous_1)
FN:51,(anonymous_2)
FNF:3
FNH:0
FNDA:0,useContextualSuggestions
FNDA:0,(anonymous_1)
FNDA:0,(anonymous_2)
DA:45,0
DA:47,0
DA:48,0
DA:51,0
DA:56,0
LF:5
LH:0
BRDA:53,0,0,0
BRDA:53,0,1,0
BRF:2
BRH:0
end_of_record
TN:
SF:src/hooks/useDataServiceStats.ts
FN:13,useDataServiceStats
FN:16,(anonymous_1)
FN:17,(anonymous_2)
FN:22,(anonymous_3)
FNF:4
FNH:0
FNDA:0,useDataServiceStats
FNDA:0,(anonymous_1)
FNDA:0,(anonymous_2)
FNDA:0,(anonymous_3)
DA:14,0
DA:16,0
DA:17,0
DA:18,0
DA:19,0
DA:22,0
DA:25,0
LF:7
LH:0
BRF:0
BRH:0
end_of_record
TN:
SF:src/hooks/useInfiniteScroll.ts
FN:23,useInfiniteScroll
FN:34,(anonymous_1)
FN:52,(anonymous_2)
FN:57,(anonymous_3)
FN:69,(anonymous_4)
FNF:5
FNH:0
FNDA:0,useInfiniteScroll
FNDA:0,(anonymous_1)
FNDA:0,(anonymous_2)
FNDA:0,(anonymous_3)
FNDA:0,(anonymous_4)
DA:27,0
DA:28,0
DA:29,0
DA:34,0
DA:35,0
DA:36,0
DA:39,0
DA:40,0
DA:41,0
DA:43,0
DA:45,0
DA:52,0
DA:53,0
DA:54,0
DA:57,0
DA:58,0
DA:59,0
DA:60,0
DA:63,0
DA:64,0
DA:68,0
DA:69,0
DA:72,0
LF:23
LH:0
BRDA:25,0,0,0
BRDA:27,1,0,0
BRDA:27,2,0,0
BRDA:35,3,0,0
BRDA:35,3,1,0
BRDA:35,4,0,0
BRDA:35,4,1,0
BRDA:35,4,2,0
BRDA:53,5,0,0
BRDA:53,5,1,0
BRDA:58,6,0,0
BRDA:58,6,1,0
BRDA:63,7,0,0
BRDA:63,7,1,0
BRF:14
BRH:0
end_of_record
TN:
SF:src/hooks/useLazyLoad.ts
FN:13,useLazyLoad
FN:17,(anonymous_1)
FN:30,(anonymous_2)
FN:31,(anonymous_3)
FN:43,(anonymous_4)
FN:61,useLazyImage
FN:66,(anonymous_6)
FN:71,(anonymous_7)
FN:75,(anonymous_8)
FNF:9
FNH:0
FNDA:0,useLazyLoad
FNDA:0,(anonymous_1)
FNDA:0,(anonymous_2)
FNDA:0,(anonymous_3)
FNDA:0,(anonymous_4)
FNDA:0,useLazyImage
FNDA:0,(anonymous_6)
FNDA:0,(anonymous_7)
FNDA:0,(anonymous_8)
DA:14,0
DA:15,0
DA:17,0
DA:18,0
DA:19,0
DA:22,0
DA:30,0
DA:31,0
DA:32,0
DA:33,0
DA:35,0
DA:40,0
DA:43,0
DA:44,0
DA:45,0
DA:50,0
DA:62,0
DA:63,0
DA:64,0
DA:66,0
DA:67,0
DA:69,0
DA:70,0
DA:71,0
DA:72,0
DA:73,0
DA:75,0
DA:77,0
DA:78,0
DA:83,0
LF:30
LH:0
BRDA:19,0,0,0
BRDA:19,0,1,0
BRDA:32,1,0,0
BRDA:32,1,1,0
BRDA:44,2,0,0
BRDA:44,2,1,0
BRDA:63,3,0,0
BRDA:63,3,1,0
BRDA:67,4,0,0
BRDA:67,4,1,0
BRDA:67,5,0,0
BRDA:67,5,1,0
BRDA:77,6,0,0
BRDA:77,6,1,0
BRF:14
BRH:0
end_of_record
TN:
SF:src/hooks/useOrganization.ts
FN:45,readCache
FN:58,writeCache
FN:66,useOrganization
FN:75,(anonymous_3)
FN:104,(anonymous_4)
FN:108,(anonymous_5)
FN:124,(anonymous_6)
FN:143,(anonymous_7)
FN:162,(anonymous_8)
FN:184,(anonymous_9)
FN:203,(anonymous_10)
FN:212,(anonymous_11)
FN:228,(anonymous_12)
FN:248,(anonymous_13)
FN:268,(anonymous_14)
FN:287,(anonymous_15)
FN:296,(anonymous_16)
FN:305,(anonymous_17)
FN:333,(anonymous_18)
FNF:19
FNH:0
FNDA:0,readCache
FNDA:0,writeCache
FNDA:0,useOrganization
FNDA:0,(anonymous_3)
FNDA:0,(anonymous_4)
FNDA:0,(anonymous_5)
FNDA:0,(anonymous_6)
FNDA:0,(anonymous_7)
FNDA:0,(anonymous_8)
FNDA:0,(anonymous_9)
FNDA:0,(anonymous_10)
FNDA:0,(anonymous_11)
FNDA:0,(anonymous_12)
FNDA:0,(anonymous_13)
FNDA:0,(anonymous_14)
FNDA:0,(anonymous_15)
FNDA:0,(anonymous_16)
FNDA:0,(anonymous_17)
FNDA:0,(anonymous_18)
DA:41,0
DA:42,0
DA:43,0
DA:46,0
DA:47,0
DA:48,0
DA:49,0
DA:50,0
DA:51,0
DA:52,0
DA:54,0
DA:59,0
DA:60,0
DA:67,0
DA:68,0
DA:69,0
DA:70,0
DA:71,0
DA:72,0
DA:73,0
DA:75,0
DA:76,0
DA:77,0
DA:78,0
DA:80,0
DA:81,0
DA:82,0
DA:83,0
DA:84,0
DA:85,0
DA:89,0
DA:90,0
DA:92,0
DA:93,0
DA:96,0
DA:97,0
DA:98,0
DA:100,0
DA:104,0
DA:105,0
DA:108,0
DA:109,0
DA:110,0
DA:111,0
DA:112,0
DA:113,0
DA:115,0
DA:116,0
DA:117,0
DA:119,0
DA:123,0
DA:125,0
DA:126,0
DA:127,0
DA:128,0
DA:129,0
DA:130,0
DA:132,0
DA:133,0
DA:134,0
DA:136,0
DA:142,0
DA:144,0
DA:145,0
DA:146,0
DA:147,0
DA:148,0
DA:149,0
DA:151,0
DA:152,0
DA:153,0
DA:155,0
DA:161,0
DA:163,0
DA:164,0
DA:165,0
DA:166,0
DA:167,0
DA:168,0
DA:169,0
DA:170,0
DA:173,0
DA:174,0
DA:175,0
DA:177,0
DA:183,0
DA:185,0
DA:186,0
DA:187,0
DA:188,0
DA:189,0
DA:190,0
DA:193,0
DA:194,0
DA:195,0
DA:197,0
DA:203,0
DA:204,0
DA:205,0
DA:207,0
DA:208,0
DA:212,0
DA:213,0
DA:214,0
DA:215,0
DA:216,0
DA:217,0
DA:219,0
DA:220,0
DA:221,0
DA:223,0
DA:227,0
DA:229,0
DA:230,0
DA:231,0
DA:232,0
DA:233,0
DA:234,0
DA:237,0
DA:238,0
DA:239,0
DA:241,0
DA:247,0
DA:249,0
DA:250,0
DA:251,0
DA:252,0
DA:253,0
DA:254,0
DA:257,0
DA:258,0
DA:259,0
DA:261,0
DA:267,0
DA:269,0
DA:270,0
DA:271,0
DA:272,0
DA:273,0
DA:274,0
DA:277,0
DA:278,0
DA:279,0
DA:281,0
DA:287,0
DA:288,0
DA:289,0
DA:291,0
DA:292,0
DA:296,0
DA:297,0
DA:298,0
DA:300,0
DA:301,0
DA:305,0
DA:306,0
DA:307,0
DA:308,0
DA:309,0
DA:310,0
DA:311,0
DA:312,0
DA:313,0
DA:314,0
DA:317,0
DA:318,0
DA:320,0
DA:321,0
DA:325,0
DA:326,0
DA:327,0
DA:329,0
DA:333,0
DA:334,0
DA:335,0
DA:339,0
LF:176
LH:0
BRDA:48,0,0,0
BRDA:48,0,1,0
BRDA:50,1,0,0
BRDA:50,1,1,0
BRDA:50,2,0,0
BRDA:50,2,1,0
BRDA:51,3,0,0
BRDA:51,3,1,0
BRDA:80,4,0,0
BRDA:80,4,1,0
BRDA:82,5,0,0
BRDA:82,5,1,0
BRDA:82,6,0,0
BRDA:82,6,1,0
BRDA:92,7,0,0
BRDA:92,7,1,0
BRDA:92,8,0,0
BRDA:92,8,1,0
BRDA:96,9,0,0
BRDA:96,9,1,0
BRDA:115,10,0,0
BRDA:115,10,1,0
BRDA:132,11,0,0
BRDA:132,11,1,0
BRDA:151,12,0,0
BRDA:151,12,1,0
BRDA:168,13,0,0
BRDA:168,13,1,0
BRDA:173,14,0,0
BRDA:173,14,1,0
BRDA:189,15,0,0
BRDA:189,15,1,0
BRDA:193,16,0,0
BRDA:193,16,1,0
BRDA:219,17,0,0
BRDA:219,17,1,0
BRDA:233,18,0,0
BRDA:233,18,1,0
BRDA:237,19,0,0
BRDA:237,19,1,0
BRDA:253,20,0,0
BRDA:253,20,1,0
BRDA:257,21,0,0
BRDA:257,21,1,0
BRDA:273,22,0,0
BRDA:273,22,1,0
BRDA:277,23,0,0
BRDA:277,23,1,0
BRDA:311,24,0,0
BRDA:311,24,1,0
BRDA:311,25,0,0
BRDA:311,25,1,0
BRDA:320,26,0,0
BRDA:320,26,1,0
BRDA:325,27,0,0
BRDA:325,27,1,0
BRDA:334,28,0,0
BRDA:334,28,1,0
BRF:58
BRH:0
end_of_record
TN:
SF:src/hooks/usePermission.ts
FN:33,usePermission
FN:40,(anonymous_1)
FN:45,(anonymous_2)
FN:46,(anonymous_3)
FN:49,(anonymous_4)
FN:50,(anonymous_5)
FNF:6
FNH:0
FNDA:0,usePermission
FNDA:0,(anonymous_1)
FNDA:0,(anonymous_2)
FNDA:0,(anonymous_3)
FNDA:0,(anonymous_4)
FNDA:0,(anonymous_5)
DA:34,0
DA:35,0
DA:37,0
DA:39,0
DA:40,0
DA:45,0
DA:46,0
DA:49,0
DA:50,0
DA:56,0
LF:10
LH:0
BRDA:35,0,0,0
BRDA:35,0,1,0
BRDA:37,1,0,0
BRDA:37,1,1,0
BRDA:43,2,0,0
BRDA:43,2,1,0
BRF:6
BRH:0
end_of_record
TN:
SF:src/hooks/useSyncStatus.ts
FN:63,useSyncStatus
FN:76,(anonymous_1)
FN:78,(anonymous_2)
FN:84,(anonymous_3)
FN:89,(anonymous_4)
FN:95,(anonymous_5)
FN:101,(anonymous_6)
FN:111,(anonymous_7)
FN:112,(anonymous_8)
FN:118,(anonymous_9)
FN:124,(anonymous_10)
FN:135,(anonymous_11)
FN:142,(anonymous_12)
FN:147,(anonymous_13)
FN:159,(anonymous_14)
FN:163,(anonymous_15)
FN:167,(anonymous_16)
FNF:17
FNH:0
FNDA:0,useSyncStatus
FNDA:0,(anonymous_1)
FNDA:0,(anonymous_2)
FNDA:0,(anonymous_3)
FNDA:0,(anonymous_4)
FNDA:0,(anonymous_5)
FNDA:0,(anonymous_6)
FNDA:0,(anonymous_7)
FNDA:0,(anonymous_8)
FNDA:0,(anonymous_9)
FNDA:0,(anonymous_10)
FNDA:0,(anonymous_11)
FNDA:0,(anonymous_12)
FNDA:0,(anonymous_13)
FNDA:0,(anonymous_14)
FNDA:0,(anonymous_15)
FNDA:0,(anonymous_16)
DA:64,0
DA:65,0
DA:66,0
DA:67,0
DA:68,0
DA:69,0
DA:76,0
DA:78,0
DA:79,0
DA:80,0
DA:84,0
DA:85,0
DA:89,0
DA:90,0
DA:91,0
DA:95,0
DA:96,0
DA:97,0
DA:101,0
DA:102,0
DA:105,0
DA:106,0
DA:107,0
DA:108,0
DA:111,0
DA:112,0
DA:114,0
DA:115,0
DA:118,0
DA:119,0
DA:120,0
DA:124,0
DA:125,0
DA:127,0
DA:128,0
DA:135,0
DA:136,0
DA:139,0
DA:140,0
DA:141,0
DA:142,0
DA:143,0
DA:144,0
DA:147,0
DA:148,0
DA:149,0
DA:150,0
DA:151,0
DA:152,0
DA:153,0
DA:154,0
DA:155,0
DA:159,0
DA:160,0
DA:163,0
DA:164,0
DA:167,0
DA:169,0
DA:172,0
LF:59
LH:0
BRDA:80,0,0,0
BRDA:80,0,1,0
BRDA:128,1,0,0
BRDA:128,1,1,0
BRF:4
BRH:0
end_of_record
TN:
SF:src/hooks/useTheme.ts
FN:13,getSystemTheme
FN:21,getStoredTheme
FN:33,applyTheme
FN:62,useTheme
FN:63,(anonymous_4)
FN:64,(anonymous_5)
FN:70,(anonymous_6)
FN:79,(anonymous_7)
FN:85,(anonymous_8)
FN:88,(anonymous_9)
FN:96,(anonymous_10)
FN:115,initializeTheme
FNF:12
FNH:10
FNDA:12,getSystemTheme
FNDA:12,getStoredTheme
FNDA:9,applyTheme
FNDA:9,useTheme
FNDA:6,(anonymous_4)
FNDA:6,(anonymous_5)
FNDA:3,(anonymous_6)
FNDA:6,(anonymous_7)
FNDA:9,(anonymous_8)
FNDA:0,(anonymous_9)
FNDA:9,(anonymous_10)
FNDA:0,initializeTheme
DA:8,1
DA:14,12
DA:15,12
DA:22,12
DA:23,12
DA:24,12
DA:25,0
DA:27,12
DA:34,9
DA:35,9
DA:37,9
DA:38,3
DA:40,6
DA:63,9
DA:64,9
DA:65,6
DA:66,6
DA:70,9
DA:71,3
DA:72,3
DA:73,3
DA:74,3
DA:79,9
DA:80,6
DA:85,9
DA:86,9
DA:88,9
DA:89,0
DA:90,0
DA:91,0
DA:95,9
DA:96,9
DA:99,9
DA:116,0
DA:117,0
LF:35
LH:29
BRDA:14,0,0,0
BRDA:14,0,1,12
BRDA:15,1,0,2
BRDA:15,1,1,10
BRDA:22,2,0,0
BRDA:22,2,1,12
BRDA:24,3,0,0
BRDA:24,3,1,12
BRDA:24,4,0,12
BRDA:24,4,1,12
BRDA:24,4,2,12
BRDA:35,5,0,6
BRDA:35,5,1,3
BRDA:37,6,0,3
BRDA:37,6,1,6
BRDA:66,7,0,6
BRDA:66,7,1,0
BRDA:74,8,0,0
BRDA:74,8,1,3
BRDA:89,9,0,0
BRDA:89,9,1,0
BRDA:91,10,0,0
BRDA:91,10,1,0
BRF:23
BRH:14
end_of_record
TN:
SF:src/hooks/useToast.ts
FN:28,(anonymous_0)
FN:30,(anonymous_1)
FN:39,(anonymous_2)
FN:45,(anonymous_3)
FN:46,(anonymous_4)
FN:47,(anonymous_5)
FN:54,(anonymous_6)
FN:55,(anonymous_7)
FN:56,(anonymous_8)
FN:58,(anonymous_9)
FN:62,(anonymous_10)
FN:69,(anonymous_11)
FN:71,(anonymous_12)
FN:72,(anonymous_13)
FN:74,(anonymous_14)
FNF:15
FNH:15
FNDA:1,(anonymous_0)
FNDA:9,(anonymous_1)
FNDA:9,(anonymous_2)
FNDA:1,(anonymous_3)
FNDA:1,(anonymous_4)
FNDA:1,(anonymous_5)
FNDA:1,(anonymous_6)
FNDA:1,(anonymous_7)
FNDA:1,(anonymous_8)
FNDA:1,(anonymous_9)
FNDA:27,(anonymous_10)
FNDA:1,(anonymous_11)
FNDA:1,(anonymous_12)
FNDA:1,(anonymous_13)
FNDA:1,(anonymous_14)
DA:28,1
DA:31,9
DA:32,9
DA:39,9
DA:44,9
DA:45,9
DA:46,1
DA:47,1
DA:52,9
DA:55,1
DA:56,1
DA:58,1
DA:62,1
DA:63,27
DA:65,27
DA:70,1
DA:71,1
DA:73,1
DA:74,1
LF:19
LH:19
BRDA:44,0,0,9
BRDA:44,0,1,0
BRDA:44,1,0,9
BRDA:44,1,1,9
BRF:4
BRH:3
end_of_record
TN:
SF:src/lib/permissions.ts
FN:17,hasPermission
FN:43,checkPermission
FN:54,getRoleLabel
FN:65,canManageOrganization
FN:69,canManageMembers
FN:73,canEditPhoto
FN:80,canDeletePhoto
FNF:7
FNH:0
FNDA:0,hasPermission
FNDA:0,checkPermission
FNDA:0,getRoleLabel
FNDA:0,canManageOrganization
FNDA:0,canManageMembers
FNDA:0,canEditPhoto
FNDA:0,canDeletePhoto
DA:11,0
DA:18,0
DA:21,0
DA:47,0
DA:48,0
DA:55,0
DA:57,0
DA:59,0
DA:61,0
DA:66,0
DA:70,0
DA:74,0
DA:75,0
DA:77,0
DA:81,0
DA:82,0
DA:84,0
LF:17
LH:0
BRDA:50,0,0,0
BRDA:50,0,1,0
BRDA:55,1,0,0
BRDA:55,1,1,0
BRDA:55,1,2,0
BRDA:74,2,0,0
BRDA:74,2,1,0
BRDA:81,3,0,0
BRDA:81,3,1,0
BRF:9
BRH:0
end_of_record
TN:
SF:src/lib/utils.ts
FN:7,cn
FNF:1
FNH:1
FNDA:293,cn
DA:8,293
LF:1
LH:1
BRF:0
BRH:0
end_of_record
TN:
SF:src/lib/agent/a2uiActionHandler.ts
FN:17,navigateTo
FN:26,handleA2UIAction
FNF:2
FNH:0
FNDA:0,navigateTo
FNDA:0,handleA2UIAction
DA:18,0
DA:19,0
DA:31,0
DA:33,0
DA:36,0
DA:39,0
DA:42,0
DA:45,0
DA:48,0
DA:52,0
DA:55,0
DA:58,0
DA:68,0
DA:71,0
DA:72,0
LF:15
LH:0
BRDA:33,0,0,0
BRDA:33,0,1,0
BRDA:33,0,2,0
BRDA:33,0,3,0
BRDA:33,0,4,0
BRDA:33,0,5,0
BRDA:33,0,6,0
BRDA:33,0,7,0
BRDA:33,0,8,0
BRDA:33,0,9,0
BRDA:33,0,10,0
BRDA:33,0,11,0
BRDA:33,0,12,0
BRDA:33,0,13,0
BRDA:33,0,14,0
BRDA:33,0,15,0
BRF:16
BRH:0
end_of_record
TN:
SF:src/lib/agent/contextCompressor.ts
FN:62,estimateTokenCount
FN:102,estimateTokenUsage
FN:118,generateSummary
FN:183,(anonymous_3)
FN:198,formatSummary
FN:242,compressIfNeeded
FN:295,forceCompress
FNF:7
FNH:0
FNDA:0,estimateTokenCount
FNDA:0,estimateTokenUsage
FNDA:0,generateSummary
FNDA:0,(anonymous_3)
FNDA:0,formatSummary
FNDA:0,compressIfNeeded
FNDA:0,forceCompress
DA:13,0
DA:16,0
DA:19,0
DA:22,0
DA:25,0
DA:63,0
DA:65,0
DA:67,0
DA:70,0
DA:71,0
DA:75,0
DA:76,0
DA:77,0
DA:78,0
DA:79,0
DA:80,0
DA:86,0
DA:87,0
DA:88,0
DA:96,0
DA:103,0
DA:104,0
DA:106,0
DA:119,0
DA:128,0
DA:130,0
DA:132,0
DA:133,0
DA:134,0
DA:136,0
DA:137,0
DA:138,0
DA:140,0
DA:141,0
DA:143,0
DA:144,0
DA:148,0
DA:149,0
DA:150,0
DA:161,0
DA:162,0
DA:165,0
DA:166,0
DA:167,0
DA:168,0
DA:169,0
DA:174,0
DA:175,0
DA:180,0
DA:183,0
DA:185,0
DA:199,0
DA:201,0
DA:202,0
DA:203,0
DA:204,0
DA:208,0
DA:209,0
DA:210,0
DA:211,0
DA:215,0
DA:216,0
DA:217,0
DA:218,0
DA:222,0
DA:223,0
DA:224,0
DA:225,0
DA:229,0
DA:230,0
DA:233,0
DA:243,0
DA:245,0
DA:246,0
DA:249,0
DA:252,0
DA:255,0
DA:258,0
DA:261,0
DA:262,0
DA:263,0
DA:267,0
DA:268,0
DA:269,0
DA:272,0
DA:283,0
DA:284,0
DA:285,0
DA:289,0
DA:296,0
DA:297,0
DA:300,0
DA:301,0
DA:302,0
DA:303,0
DA:304,0
DA:306,0
LF:97
LH:0
BRDA:70,0,0,0
BRDA:70,0,1,0
BRDA:75,1,0,0
BRDA:75,1,1,0
BRDA:78,2,0,0
BRDA:78,2,1,0
BRDA:79,3,0,0
BRDA:79,3,1,0
BRDA:86,4,0,0
BRDA:86,4,1,0
BRDA:132,5,0,0
BRDA:132,5,1,0
BRDA:136,6,0,0
BRDA:136,6,1,0
BRDA:138,7,0,0
BRDA:138,7,1,0
BRDA:140,8,0,0
BRDA:140,8,1,0
BRDA:140,9,0,0
BRDA:140,9,1,0
BRDA:143,10,0,0
BRDA:143,10,1,0
BRDA:148,11,0,0
BRDA:148,11,1,0
BRDA:148,12,0,0
BRDA:148,12,1,0
BRDA:149,13,0,0
BRDA:149,13,1,0
BRDA:150,14,0,0
BRDA:150,14,1,0
BRDA:161,15,0,0
BRDA:161,15,1,0
BRDA:161,16,0,0
BRDA:161,16,1,0
BRDA:167,17,0,0
BRDA:167,17,1,0
BRDA:174,18,0,0
BRDA:174,18,1,0
BRDA:174,19,0,0
BRDA:174,19,1,0
BRDA:174,19,2,0
BRDA:201,20,0,0
BRDA:201,20,1,0
BRDA:208,21,0,0
BRDA:208,21,1,0
BRDA:215,22,0,0
BRDA:215,22,1,0
BRDA:222,23,0,0
BRDA:222,23,1,0
BRDA:229,24,0,0
BRDA:229,24,1,0
BRDA:245,25,0,0
BRDA:245,25,1,0
BRDA:261,26,0,0
BRDA:261,26,1,0
BRDA:296,27,0,0
BRDA:296,27,1,0
BRF:57
BRH:0
end_of_record
TN:
SF:src/lib/agent/index.ts
FNF:0
FNH:0
LF:0
LH:0
BRF:0
BRH:0
end_of_record
TN:
SF:src/lib/agent/sessionStorage.ts
FN:63,getDB
FN:66,(anonymous_1)
FN:79,generateTitle
FN:81,(anonymous_3)
FN:94,createSession
FN:121,getSession
FN:136,saveSessionMessages
FN:185,getUserSessions
FN:192,(anonymous_8)
FN:195,(anonymous_9)
FN:205,deleteSession
FN:218,cleanupOldSessions
FN:245,clearUserSessions
FNF:13
FNH:0
FNDA:0,getDB
FNDA:0,(anonymous_1)
FNDA:0,generateTitle
FNDA:0,(anonymous_3)
FNDA:0,createSession
FNDA:0,getSession
FNDA:0,saveSessionMessages
FNDA:0,getUserSessions
FNDA:0,(anonymous_8)
FNDA:0,(anonymous_9)
FNDA:0,deleteSession
FNDA:0,cleanupOldSessions
FNDA:0,clearUserSessions
DA:51,0
DA:52,0
DA:53,0
DA:56,0
DA:58,0
DA:64,0
DA:65,0
DA:67,0
DA:68,0
DA:69,0
DA:73,0
DA:81,0
DA:82,0
DA:83,0
DA:84,0
DA:86,0
DA:95,0
DA:96,0
DA:98,0
DA:111,0
DA:112,0
DA:114,0
DA:115,0
DA:122,0
DA:123,0
DA:124,0
DA:125,0
DA:127,0
DA:128,0
DA:141,0
DA:143,0
DA:144,0
DA:145,0
DA:147,0
DA:148,0
DA:149,0
DA:153,0
DA:154,0
DA:156,0
DA:157,0
DA:158,0
DA:159,0
DA:160,0
DA:165,0
DA:166,0
DA:167,0
DA:168,0
DA:169,0
DA:171,0
DA:173,0
DA:178,0
DA:186,0
DA:187,0
DA:188,0
DA:191,0
DA:192,0
DA:195,0
DA:197,0
DA:198,0
DA:206,0
DA:207,0
DA:208,0
DA:209,0
DA:211,0
DA:219,0
DA:220,0
DA:222,0
DA:223,0
DA:227,0
DA:228,0
DA:230,0
DA:231,0
DA:234,0
DA:235,0
DA:237,0
DA:238,0
DA:246,0
DA:247,0
DA:248,0
DA:250,0
DA:251,0
DA:254,0
DA:256,0
LF:83
LH:0
BRDA:64,0,0,0
BRDA:64,0,1,0
BRDA:82,1,0,0
BRDA:82,1,1,0
BRDA:84,2,0,0
BRDA:84,2,1,0
BRDA:125,3,0,0
BRDA:125,3,1,0
BRDA:139,4,0,0
BRDA:141,5,0,0
BRDA:147,6,0,0
BRDA:147,6,1,0
BRDA:156,7,0,0
BRDA:156,7,1,0
BRDA:158,8,0,0
BRDA:158,8,1,0
BRDA:175,9,0,0
BRDA:175,9,1,0
BRDA:222,10,0,0
BRDA:222,10,1,0
BRF:20
BRH:0
end_of_record
TN:
SF:src/lib/agent/sseClient.ts
FN:92,parseSSEEvent
FN:152,parseSSEChunk
FN:205,withRetry
FN:232,(anonymous_3)
FN:246,useAgentSSE
FN:257,(anonymous_5)
FN:271,(anonymous_6)
FN:312,(anonymous_7)
FN:330,(anonymous_8)
FN:370,(anonymous_9)
FN:381,(anonymous_10)
FN:386,(anonymous_11)
FN:393,(anonymous_12)
FN:416,(anonymous_13)
FN:427,(anonymous_14)
FN:440,(anonymous_15)
FN:446,(anonymous_16)
FN:468,(anonymous_17)
FNF:18
FNH:15
FNDA:26,parseSSEEvent
FNDA:12,parseSSEChunk
FNDA:17,withRetry
FNDA:5,(anonymous_3)
FNDA:34,useAgentSSE
FNDA:15,(anonymous_5)
FNDA:26,(anonymous_6)
FNDA:15,(anonymous_7)
FNDA:0,(anonymous_8)
FNDA:14,(anonymous_9)
FNDA:14,(anonymous_10)
FNDA:14,(anonymous_11)
FNDA:0,(anonymous_12)
FNDA:1,(anonymous_13)
FNDA:2,(anonymous_14)
FNDA:1,(anonymous_15)
FNDA:0,(anonymous_16)
FNDA:1,(anonymous_17)
DA:29,1
DA:39,1
DA:93,26
DA:94,26
DA:96,26
DA:98,8
DA:104,1
DA:110,3
DA:118,1
DA:124,12
DA:130,1
DA:137,0
DA:138,0
DA:141,0
DA:142,0
DA:156,12
DA:157,12
DA:158,12
DA:160,12
DA:161,12
DA:162,12
DA:164,12
DA:165,90
DA:168,90
DA:169,38
DA:170,26
DA:171,26
DA:172,26
DA:174,26
DA:175,26
DA:177,38
DA:178,38
DA:182,52
DA:183,26
DA:184,26
DA:188,26
DA:189,26
DA:190,26
DA:195,12
DA:197,12
DA:210,17
DA:212,17
DA:213,21
DA:214,21
DA:216,6
DA:219,6
DA:220,1
DA:224,5
DA:229,5
DA:230,5
DA:232,6
DA:236,5
DA:247,34
DA:249,34
DA:250,34
DA:251,34
DA:252,34
DA:257,34
DA:258,15
DA:260,15
DA:261,0
DA:264,15
DA:270,34
DA:272,26
DA:274,8
DA:275,8
DA:278,1
DA:279,1
DA:282,3
DA:287,3
DA:290,1
DA:291,1
DA:294,12
DA:295,12
DA:298,1
DA:299,1
DA:300,1
DA:301,1
DA:311,34
DA:316,15
DA:317,15
DA:319,15
DA:329,14
DA:330,1
DA:331,1
DA:335,13
DA:336,15
DA:337,0
DA:340,12
DA:341,12
DA:343,12
DA:344,12
DA:345,24
DA:347,24
DA:348,12
DA:351,12
DA:352,12
DA:353,12
DA:355,12
DA:356,26
DA:360,12
DA:369,34
DA:372,14
DA:373,14
DA:375,14
DA:376,14
DA:377,14
DA:379,14
DA:381,14
DA:386,14
DA:387,14
DA:392,14
DA:393,11
DA:394,0
DA:397,3
DA:400,2
DA:401,2
DA:402,2
DA:403,2
DA:406,13
DA:415,34
DA:418,1
DA:419,1
DA:421,1
DA:422,1
DA:423,1
DA:425,1
DA:427,2
DA:434,1
DA:440,1
DA:441,1
DA:445,1
DA:446,1
DA:447,0
DA:450,0
DA:453,0
DA:454,0
DA:455,0
DA:456,0
DA:459,1
DA:468,34
DA:469,1
DA:470,1
DA:473,34
LF:144
LH:131
BRDA:96,0,0,8
BRDA:96,0,1,1
BRDA:96,0,2,3
BRDA:96,0,3,1
BRDA:96,0,4,12
BRDA:96,0,5,1
BRDA:96,0,6,0
BRDA:100,1,0,8
BRDA:100,1,1,0
BRDA:114,2,0,3
BRDA:114,2,1,0
BRDA:120,3,0,1
BRDA:120,3,1,0
BRDA:132,4,0,1
BRDA:132,4,1,0
BRDA:168,5,0,38
BRDA:168,5,1,52
BRDA:169,6,0,26
BRDA:169,6,1,12
BRDA:169,7,0,38
BRDA:169,7,1,26
BRDA:171,8,0,26
BRDA:171,8,1,0
BRDA:182,9,0,26
BRDA:182,9,1,26
BRDA:188,10,0,26
BRDA:188,10,1,0
BRDA:207,11,0,17
BRDA:216,12,0,6
BRDA:216,12,1,0
BRDA:219,13,0,1
BRDA:219,13,1,5
BRDA:246,14,0,34
BRDA:247,15,0,34
BRDA:260,16,0,0
BRDA:260,16,1,15
BRDA:260,17,0,15
BRDA:260,17,1,15
BRDA:272,18,0,8
BRDA:272,18,1,1
BRDA:272,18,2,3
BRDA:272,18,3,1
BRDA:272,18,4,12
BRDA:272,18,5,1
BRDA:329,19,0,1
BRDA:329,19,1,13
BRDA:331,20,0,1
BRDA:331,20,1,0
BRDA:336,21,0,0
BRDA:336,21,1,15
BRDA:347,22,0,12
BRDA:347,22,1,12
BRDA:392,23,0,11
BRDA:392,23,1,3
BRDA:400,24,0,2
BRDA:400,24,1,0
BRDA:401,25,0,2
BRDA:401,25,1,0
BRDA:430,26,0,0
BRDA:430,26,1,2
BRDA:445,27,0,1
BRDA:445,27,1,0
BRDA:453,28,0,0
BRDA:453,28,1,0
BRDA:454,29,0,0
BRDA:454,29,1,0
BRF:66
BRH:47
end_of_record
TN:
SF:src/lib/agent/toolExecutor.ts
FN:27,getAvailableTools
FN:28,(anonymous_1)
FN:39,useToolExecutor
FN:40,(anonymous_3)
FN:46,(anonymous_4)
FNF:5
FNH:5
FNDA:5,getAvailableTools
FNDA:10,(anonymous_1)
FNDA:5,useToolExecutor
FNDA:3,(anonymous_3)
FNDA:1,(anonymous_4)
DA:28,10
DA:40,5
DA:41,3
DA:42,3
DA:45,5
DA:47,1
DA:49,1
DA:50,2
DA:51,2
DA:54,1
DA:59,5
LF:11
LH:11
BRF:0
BRH:0
end_of_record
TN:
SF:src/lib/agent/userPreferences.ts
FN:68,getDB
FN:71,(anonymous_1)
FN:83,createDefaultProfile
FN:102,loadPreference
FN:116,savePreference
FN:136,buildActionKey
FN:165,findMostFrequent
FN:183,analyzePatterns
FN:250,updateLearnedPreference
FN:254,(anonymous_9)
FN:275,(anonymous_10)
FN:284,autoLearnFromToolResult
FN:327,getPreferenceContext
FN:342,(anonymous_13)
FN:357,clearPreference
FNF:15
FNH:0
FNDA:0,getDB
FNDA:0,(anonymous_1)
FNDA:0,createDefaultProfile
FNDA:0,loadPreference
FNDA:0,savePreference
FNDA:0,buildActionKey
FNDA:0,findMostFrequent
FNDA:0,analyzePatterns
FNDA:0,updateLearnedPreference
FNDA:0,(anonymous_9)
FNDA:0,(anonymous_10)
FNDA:0,autoLearnFromToolResult
FNDA:0,getPreferenceContext
FNDA:0,(anonymous_13)
FNDA:0,clearPreference
DA:59,0
DA:60,0
DA:61,0
DA:63,0
DA:69,0
DA:70,0
DA:72,0
DA:73,0
DA:77,0
DA:84,0
DA:85,0
DA:103,0
DA:104,0
DA:105,0
DA:106,0
DA:108,0
DA:109,0
DA:120,0
DA:121,0
DA:122,0
DA:123,0
DA:124,0
DA:126,0
DA:137,0
DA:139,0
DA:141,0
DA:144,0
DA:145,0
DA:146,0
DA:147,0
DA:148,0
DA:149,0
DA:150,0
DA:151,0
DA:154,0
DA:156,0
DA:158,0
DA:166,0
DA:169,0
DA:170,0
DA:171,0
DA:172,0
DA:177,0
DA:186,0
DA:189,0
DA:190,0
DA:191,0
DA:192,0
DA:194,0
DA:195,0
DA:201,0
DA:202,0
DA:208,0
DA:209,0
DA:216,0
DA:217,0
DA:219,0
DA:220,0
DA:226,0
DA:227,0
DA:234,0
DA:235,0
DA:237,0
DA:238,0
DA:244,0
DA:254,0
DA:256,0
DA:258,0
DA:262,0
DA:265,0
DA:273,0
DA:275,0
DA:276,0
DA:291,0
DA:294,0
DA:295,0
DA:297,0
DA:298,0
DA:299,0
DA:300,0
DA:304,0
DA:305,0
DA:306,0
DA:309,0
DA:310,0
DA:311,0
DA:315,0
DA:316,0
DA:318,0
DA:320,0
DA:328,0
DA:329,0
DA:330,0
DA:332,0
DA:334,0
DA:335,0
DA:337,0
DA:338,0
DA:342,0
DA:343,0
DA:344,0
DA:347,0
DA:349,0
DA:350,0
DA:358,0
DA:359,0
DA:360,0
DA:361,0
DA:363,0
LF:109
LH:0
BRDA:69,0,0,0
BRDA:69,0,1,0
BRDA:106,1,0,0
BRDA:106,1,1,0
BRDA:137,2,0,0
BRDA:137,2,1,0
BRDA:137,2,2,0
BRDA:137,2,3,0
BRDA:137,2,4,0
BRDA:137,2,5,0
BRDA:139,3,0,0
BRDA:139,3,1,0
BRDA:141,4,0,0
BRDA:141,4,1,0
BRDA:148,5,0,0
BRDA:148,5,1,0
BRDA:148,6,0,0
BRDA:148,6,1,0
BRDA:148,7,0,0
BRDA:148,7,1,0
BRDA:149,8,0,0
BRDA:149,8,1,0
BRDA:149,9,0,0
BRDA:149,9,1,0
BRDA:149,10,0,0
BRDA:149,10,1,0
BRDA:150,11,0,0
BRDA:150,11,1,0
BRDA:150,12,0,0
BRDA:150,12,1,0
BRDA:150,13,0,0
BRDA:150,13,1,0
BRDA:151,14,0,0
BRDA:151,14,1,0
BRDA:154,15,0,0
BRDA:154,15,1,0
BRDA:156,16,0,0
BRDA:156,16,1,0
BRDA:170,17,0,0
BRDA:170,17,1,0
BRDA:170,18,0,0
BRDA:170,18,1,0
BRDA:177,19,0,0
BRDA:177,19,1,0
BRDA:189,20,0,0
BRDA:189,20,1,0
BRDA:190,21,0,0
BRDA:190,21,1,0
BRDA:191,22,0,0
BRDA:191,22,1,0
BRDA:192,23,0,0
BRDA:192,23,1,0
BRDA:194,24,0,0
BRDA:194,24,1,0
BRDA:194,25,0,0
BRDA:194,25,1,0
BRDA:201,26,0,0
BRDA:201,26,1,0
BRDA:201,27,0,0
BRDA:201,27,1,0
BRDA:208,28,0,0
BRDA:208,28,1,0
BRDA:216,29,0,0
BRDA:216,29,1,0
BRDA:217,30,0,0
BRDA:217,30,1,0
BRDA:219,31,0,0
BRDA:219,31,1,0
BRDA:226,32,0,0
BRDA:226,32,1,0
BRDA:234,33,0,0
BRDA:234,33,1,0
BRDA:235,34,0,0
BRDA:235,34,1,0
BRDA:237,35,0,0
BRDA:237,35,1,0
BRDA:237,36,0,0
BRDA:237,36,1,0
BRDA:256,37,0,0
BRDA:256,37,1,0
BRDA:273,38,0,0
BRDA:273,38,1,0
BRDA:291,39,0,0
BRDA:291,39,1,0
BRDA:295,40,0,0
BRDA:295,40,1,0
BRDA:299,41,0,0
BRDA:299,41,1,0
BRDA:305,42,0,0
BRDA:305,42,1,0
BRDA:330,43,0,0
BRDA:330,43,1,0
BRDA:334,44,0,0
BRDA:334,44,1,0
BRDA:337,45,0,0
BRDA:337,45,1,0
BRDA:347,46,0,0
BRDA:347,46,1,0
BRF:98
BRH:0
end_of_record
TN:
SF:src/lib/agent/tools/helpers.ts
FN:11,createSuccessResult
FN:25,createErrorResult
FN:35,createUIResult
FNF:3
FNH:0
FNDA:0,createSuccessResult
FNDA:0,createErrorResult
FNDA:0,createUIResult
DA:15,0
DA:26,0
DA:43,0
LF:3
LH:0
BRF:0
BRH:0
end_of_record
TN:
SF:src/lib/agent/tools/index.ts
FNF:0
FNH:0
LF:0
LH:0
BRF:0
BRH:0
end_of_record
TN:
SF:src/lib/agent/tools/registry.ts
FN:16,defineTool
FN:34,(anonymous_1)
FN:58,getTool
FN:62,getAllToolDefinitions
FN:63,(anonymous_4)
FN:66,getAllTools
FN:70,executeToolByName
FN:80,clearRegistry
FNF:8
FNH:8
FNDA:14,defineTool
FNDA:9,(anonymous_1)
FNDA:7,getTool
FNDA:1,getAllToolDefinitions
FNDA:2,(anonymous_4)
FNDA:8,getAllTools
FNDA:6,executeToolByName
FNDA:9,clearRegistry
DA:14,5
DA:19,14
DA:23,14
DA:25,14
DA:34,14
DA:35,9
DA:36,9
DA:37,5
DA:42,4
DA:45,14
DA:53,14
DA:55,14
DA:59,7
DA:63,2
DA:67,8
DA:71,6
DA:73,6
DA:74,6
DA:75,3
DA:77,3
DA:81,9
LF:21
LH:21
BRDA:36,0,0,5
BRDA:36,0,1,4
BRDA:74,1,0,3
BRDA:74,1,1,3
BRF:4
BRH:4
end_of_record
TN:
SF:src/lib/agent/tools/types.ts
FNF:0
FNH:0
LF:0
LH:0
BRF:0
BRH:0
end_of_record
TN:
SF:src/lib/agent/tools/_template/index.ts
FN:19,(anonymous_0)
FNF:1
FNH:1
FNDA:5,(anonymous_0)
DA:8,1
DA:13,1
DA:20,5
LF:3
LH:3
BRDA:23,0,0,5
BRDA:23,0,1,3
BRF:2
BRH:2
end_of_record
TN:
SF:src/lib/agent/tools/context/getCurrent.ts
FN:17,(anonymous_0)
FNF:1
FNH:1
FNDA:3,(anonymous_0)
DA:9,2
DA:11,2
DA:18,3
DA:20,3
DA:23,3
DA:26,3
DA:28,3
DA:46,0
LF:8
LH:7
BRF:0
BRH:0
end_of_record
TN:
SF:src/lib/agent/tools/context/index.ts
FNF:0
FNH:0
LF:0
LH:0
BRF:0
BRH:0
end_of_record
TN:
SF:src/lib/agent/tools/navigation/index.ts
FN:13,setNavigateCallback
FN:28,(anonymous_1)
FNF:2
FNH:2
FNDA:13,setNavigateCallback
FNDA:6,(anonymous_1)
DA:11,2
DA:14,13
DA:17,2
DA:21,2
DA:29,6
DA:30,6
DA:31,1
DA:37,5
DA:45,5
DA:46,5
DA:47,0
DA:53,5
DA:55,5
DA:64,0
LF:14
LH:12
BRDA:30,0,0,1
BRDA:30,0,1,5
BRDA:46,1,0,0
BRDA:46,1,1,5
BRF:4
BRH:3
end_of_record
TN:
SF:src/lib/reactive/ReactiveCollection.ts
FN:27,(anonymous_0)
FN:39,(anonymous_1)
FN:49,(anonymous_2)
FN:56,(anonymous_3)
FN:77,(anonymous_4)
FN:82,(anonymous_5)
FN:86,(anonymous_6)
FN:90,(anonymous_7)
FN:95,(anonymous_8)
FN:98,(anonymous_9)
FN:99,(anonymous_10)
FN:99,(anonymous_11)
FN:102,(anonymous_12)
FN:110,(anonymous_13)
FN:112,(anonymous_14)
FN:120,(anonymous_15)
FN:141,(anonymous_16)
FN:181,(anonymous_17)
FN:212,(anonymous_18)
FN:236,(anonymous_19)
FN:244,(anonymous_20)
FN:249,(anonymous_21)
FNF:22
FNH:19
FNDA:18,(anonymous_0)
FNDA:18,(anonymous_1)
FNDA:15,(anonymous_2)
FNDA:3,(anonymous_3)
FNDA:42,(anonymous_4)
FNDA:16,(anonymous_5)
FNDA:16,(anonymous_6)
FNDA:11,(anonymous_7)
FNDA:2,(anonymous_8)
FNDA:3,(anonymous_9)
FNDA:3,(anonymous_10)
FNDA:3,(anonymous_11)
FNDA:2,(anonymous_12)
FNDA:2,(anonymous_13)
FNDA:2,(anonymous_14)
FNDA:1,(anonymous_15)
FNDA:16,(anonymous_16)
FNDA:2,(anonymous_17)
FNDA:2,(anonymous_18)
FNDA:0,(anonymous_19)
FNDA:0,(anonymous_20)
FNDA:0,(anonymous_21)
DA:22,18
DA:24,18
DA:28,18
DA:29,18
DA:30,18
DA:31,18
DA:32,18
DA:33,0
DA:36,18
DA:40,18
DA:41,18
DA:43,18
DA:44,16
DA:46,18
DA:50,15
DA:51,15
DA:52,0
DA:57,3
DA:59,1
DA:60,1
DA:62,1
DA:64,1
DA:65,1
DA:67,1
DA:69,1
DA:70,1
DA:72,1
DA:74,3
DA:78,42
DA:79,42
DA:83,16
DA:87,16
DA:91,11
DA:92,9
DA:95,2
DA:99,3
DA:103,2
DA:105,2
DA:106,1
DA:107,0
DA:109,1
DA:110,1
DA:111,2
DA:112,2
DA:118,2
DA:119,1
DA:120,1
DA:121,1
DA:122,1
DA:123,1
DA:124,1
DA:125,1
DA:126,0
DA:130,2
DA:131,0
DA:134,2
DA:135,0
DA:138,2
DA:142,16
DA:143,16
DA:145,16
DA:151,16
DA:152,16
DA:154,16
DA:155,16
DA:156,16
DA:157,14
DA:162,14
DA:163,14
DA:164,14
DA:166,14
DA:168,2
DA:169,2
DA:171,2
DA:172,1
DA:174,2
DA:178,0
DA:182,2
DA:183,2
DA:184,0
DA:187,2
DA:188,2
DA:189,2
DA:191,2
DA:192,2
DA:193,2
DA:194,1
DA:195,1
DA:196,1
DA:197,1
DA:199,1
DA:200,1
DA:202,1
DA:203,0
DA:205,1
DA:209,0
DA:213,2
DA:214,2
DA:215,0
DA:218,2
DA:219,2
DA:221,2
DA:222,2
DA:223,2
DA:225,1
DA:226,1
DA:228,1
DA:229,0
DA:231,1
DA:237,0
DA:238,0
DA:239,0
DA:241,0
DA:245,0
DA:246,0
DA:250,0
DA:251,0
DA:253,0
LF:118
LH:97
BRDA:32,0,0,0
BRDA:32,0,1,18
BRDA:43,1,0,16
BRDA:43,1,1,2
BRDA:51,2,0,0
BRDA:51,2,1,15
BRDA:57,3,0,1
BRDA:57,3,1,1
BRDA:57,3,2,1
BRDA:59,4,0,1
BRDA:59,4,1,0
BRDA:64,5,0,1
BRDA:64,5,1,0
BRDA:69,6,0,1
BRDA:69,6,1,0
BRDA:91,7,0,9
BRDA:91,7,1,2
BRDA:105,8,0,1
BRDA:105,8,1,1
BRDA:106,9,0,0
BRDA:106,9,1,1
BRDA:118,10,0,1
BRDA:118,10,1,1
BRDA:123,11,0,0
BRDA:123,11,1,1
BRDA:123,12,0,1
BRDA:123,12,1,1
BRDA:124,13,0,0
BRDA:124,13,1,1
BRDA:124,14,0,0
BRDA:124,14,1,0
BRDA:125,15,0,1
BRDA:125,15,1,0
BRDA:125,16,0,0
BRDA:125,16,1,1
BRDA:130,17,0,0
BRDA:130,17,1,2
BRDA:134,18,0,0
BRDA:134,18,1,2
BRDA:154,19,0,16
BRDA:154,19,1,0
BRDA:171,20,0,1
BRDA:171,20,1,1
BRDA:183,21,0,0
BRDA:183,21,1,2
BRDA:191,22,0,2
BRDA:191,22,1,0
BRDA:202,23,0,0
BRDA:202,23,1,1
BRDA:214,24,0,0
BRDA:214,24,1,2
BRDA:221,25,0,2
BRDA:221,25,1,0
BRDA:228,26,0,0
BRDA:228,26,1,1
BRDA:238,27,0,0
BRDA:238,27,1,0
BRDA:250,28,0,0
BRDA:250,28,1,0
BRF:59
BRH:34
end_of_record
TN:
SF:src/lib/reactive/SyncEngine.ts
FN:40,(anonymous_0)
FN:49,(anonymous_1)
FN:75,(anonymous_2)
FN:91,(anonymous_3)
FN:93,(anonymous_4)
FN:120,(anonymous_5)
FN:141,(anonymous_6)
FN:151,(anonymous_7)
FN:156,(anonymous_8)
FN:167,(anonymous_9)
FN:187,(anonymous_10)
FN:195,(anonymous_11)
FN:213,(anonymous_12)
FN:229,(anonymous_13)
FN:233,(anonymous_14)
FN:237,(anonymous_15)
FN:241,(anonymous_16)
FN:245,(anonymous_17)
FNF:18
FNH:17
FNDA:23,(anonymous_0)
FNDA:4,(anonymous_1)
FNDA:2,(anonymous_2)
FNDA:1,(anonymous_3)
FNDA:1,(anonymous_4)
FNDA:7,(anonymous_5)
FNDA:7,(anonymous_6)
FNDA:3,(anonymous_7)
FNDA:1,(anonymous_8)
FNDA:7,(anonymous_9)
FNDA:4,(anonymous_10)
FNDA:3,(anonymous_11)
FNDA:13,(anonymous_12)
FNDA:1,(anonymous_13)
FNDA:2,(anonymous_14)
FNDA:6,(anonymous_15)
FNDA:0,(anonymous_16)
FNDA:36,(anonymous_17)
DA:22,12
DA:32,23
DA:34,23
DA:35,23
DA:41,23
DA:42,23
DA:43,23
DA:44,23
DA:45,23
DA:46,23
DA:50,4
DA:52,4
DA:53,4
DA:55,3
DA:56,1
DA:59,3
DA:60,3
DA:66,1
DA:71,1
DA:76,2
DA:77,0
DA:80,2
DA:82,2
DA:83,2
DA:89,2
DA:90,1
DA:91,1
DA:93,1
DA:94,1
DA:95,1
DA:96,0
DA:98,1
DA:101,1
DA:104,2
DA:105,2
DA:111,0
DA:116,0
DA:121,7
DA:130,7
DA:131,1
DA:133,6
DA:134,6
DA:142,7
DA:143,1
DA:146,6
DA:148,6
DA:149,6
DA:150,6
DA:151,3
DA:153,3
DA:155,3
DA:156,1
DA:161,6
DA:168,7
DA:170,5
DA:171,5
DA:173,2
DA:175,1
DA:176,1
DA:178,1
DA:180,1
DA:181,1
DA:183,1
DA:188,4
DA:189,1
DA:192,3
DA:196,3
DA:197,3
DA:199,3
DA:200,6
DA:201,6
DA:203,6
DA:204,2
DA:205,4
DA:206,0
DA:210,3
DA:214,13
DA:216,13
DA:217,7
DA:221,6
DA:222,5
DA:230,1
DA:234,2
DA:238,6
DA:242,0
DA:246,36
DA:247,36
LF:87
LH:81
BRDA:46,0,0,23
BRDA:46,0,1,22
BRDA:55,1,0,1
BRDA:55,1,1,2
BRDA:76,2,0,0
BRDA:76,2,1,2
BRDA:89,3,0,1
BRDA:89,3,1,1
BRDA:95,4,0,0
BRDA:95,4,1,1
BRDA:122,5,0,7
BRDA:122,5,1,5
BRDA:130,6,0,1
BRDA:130,6,1,6
BRDA:142,7,0,1
BRDA:142,7,1,6
BRDA:142,8,0,7
BRDA:142,8,1,7
BRDA:155,9,0,1
BRDA:155,9,1,2
BRDA:162,10,0,2
BRDA:162,10,1,4
BRDA:168,11,0,5
BRDA:168,11,1,1
BRDA:168,11,2,1
BRDA:170,12,0,5
BRDA:170,12,1,0
BRDA:175,13,0,1
BRDA:175,13,1,0
BRDA:175,14,0,1
BRDA:175,14,1,1
BRDA:180,15,0,1
BRDA:180,15,1,0
BRDA:188,16,0,1
BRDA:188,16,1,3
BRDA:203,17,0,2
BRDA:203,17,1,4
[...]
BRDA:412,20,1,0
BRDA:412,21,0,0
BRDA:412,21,1,0
BRDA:415,22,0,0
BRDA:415,22,1,0
BRDA:415,23,0,0
BRDA:415,23,1,0
BRDA:433,24,0,0
BRDA:433,24,1,0
BRDA:445,25,0,0
BRDA:445,25,1,0
BRDA:445,26,0,0
BRDA:445,26,1,0
BRF:58
BRH:4
end_of_record
TN:
SF:src/stores/useAuthStore.ts
FN:26,(anonymous_0)
FN:35,(anonymous_1)
FN:46,(anonymous_2)
FN:65,(anonymous_3)
FN:100,(anonymous_4)
FN:131,(anonymous_5)
FN:162,(anonymous_6)
FN:166,(anonymous_7)
FNF:8
FNH:7
FNDA:1,(anonymous_0)
FNDA:2,(anonymous_1)
FNDA:0,(anonymous_2)
FNDA:2,(anonymous_3)
FNDA:2,(anonymous_4)
FNDA:2,(anonymous_5)
FNDA:1,(anonymous_6)
FNDA:28,(anonymous_7)
DA:24,1
DA:26,1
DA:36,2
DA:37,2
DA:38,2
DA:39,1
DA:46,1
DA:47,0
DA:53,1
DA:66,2
DA:67,2
DA:68,2
DA:74,2
DA:75,1
DA:79,1
DA:82,1
DA:88,0
DA:101,2
DA:102,2
DA:103,2
DA:105,2
DA:106,1
DA:110,1
DA:113,1
DA:119,0
DA:132,2
DA:133,2
DA:134,2
DA:136,2
DA:137,1
DA:141,1
DA:144,1
DA:150,0
DA:162,1
DA:166,28
LF:35
LH:31
BRDA:74,0,0,1
BRDA:74,0,1,1
BRDA:105,1,0,1
BRDA:105,1,1,1
BRDA:136,2,0,1
BRDA:136,2,1,1
BRF:6
BRH:6
end_of_record
TN:
SF:src/stores/useProfileStore.ts
FN:36,(anonymous_0)
FN:42,(anonymous_1)
FN:58,(anonymous_2)
FN:97,(anonymous_3)
FN:108,(anonymous_4)
FN:109,(anonymous_5)
FN:133,(anonymous_6)
FN:150,(anonymous_7)
FN:187,(anonymous_8)
FN:194,(anonymous_9)
FN:201,(anonymous_10)
FNF:11
FNH:9
FNDA:1,(anonymous_0)
FNDA:2,(anonymous_1)
FNDA:2,(anonymous_2)
FNDA:2,(anonymous_3)
FNDA:0,(anonymous_4)
FNDA:0,(anonymous_5)
FNDA:1,(anonymous_6)
FNDA:2,(anonymous_7)
FNDA:1,(anonymous_8)
FNDA:1,(anonymous_9)
FNDA:1,(anonymous_10)
DA:28,1
DA:36,1
DA:43,2
DA:44,2
DA:45,2
DA:46,1
DA:48,1
DA:49,1
DA:50,1
DA:59,2
DA:60,2
DA:61,0
DA:62,0
DA:66,2
DA:72,2
DA:74,2
DA:76,2
DA:77,1
DA:84,1
DA:89,1
DA:90,1
DA:98,2
DA:99,2
DA:100,0
DA:101,0
DA:104,2
DA:105,2
DA:108,2
DA:109,0
DA:115,2
DA:117,1
DA:120,1
DA:126,1
DA:133,1
DA:134,1
DA:137,1
DA:142,1
DA:143,1
DA:151,2
DA:152,2
DA:153,0
DA:154,0
DA:157,2
DA:158,2
DA:161,2
DA:164,1
DA:170,1
DA:175,1
DA:179,1
DA:180,1
DA:188,1
DA:195,1
DA:202,1
LF:53
LH:46
BRDA:48,0,0,1
BRDA:48,0,1,0
BRDA:60,1,0,0
BRDA:60,1,1,2
BRDA:87,2,0,1
BRDA:87,2,1,0
BRDA:99,3,0,0
BRDA:99,3,1,2
BRDA:140,4,0,1
BRDA:140,4,1,0
BRDA:152,5,0,0
BRDA:152,5,1,2
BRDA:177,6,0,1
BRDA:177,6,1,0
BRF:14
BRH:7
end_of_record
TN:
SF:src/stores/useUIStore.ts
FN:51,(anonymous_0)
FN:66,(anonymous_1)
FN:68,(anonymous_2)
FN:70,(anonymous_3)
FN:72,(anonymous_4)
FN:80,(anonymous_5)
FN:87,(anonymous_6)
FN:97,(anonymous_7)
FN:98,(anonymous_8)
FNF:9
FNH:9
FNDA:1,(anonymous_0)
FNDA:1,(anonymous_1)
FNDA:1,(anonymous_2)
FNDA:1,(anonymous_3)
FNDA:1,(anonymous_4)
FNDA:1,(anonymous_5)
FNDA:2,(anonymous_6)
FNDA:1,(anonymous_7)
FNDA:1,(anonymous_8)
DA:51,1
DA:66,1
DA:68,1
DA:70,1
DA:73,1
DA:81,1
DA:88,2
DA:98,1
LF:8
LH:8
BRDA:87,0,0,2
BRDA:87,1,0,2
BRF:2
BRH:2
end_of_record
TN:
SF:src/types/a2ui.ts
FN:213,isBoundValue
FNF:1
FNH:1
FNDA:36,isBoundValue
DA:214,36
LF:1
LH:1
BRDA:215,0,0,36
BRDA:215,0,1,11
BRDA:215,0,2,11
BRDA:215,0,3,11
BRF:4
BRH:4
end_of_record
TN:
SF:src/types/agent.ts
FNF:0
FNH:0
LF:0
LH:0
BRF:0
BRH:0
end_of_record
TN:
SF:src/types/ai-fusion.ts
FN:74,isAIFusionTask
FNF:1
FNH:0
FNDA:0,isAIFusionTask
DA:75,0
DA:236,0
LF:2
LH:0
BRDA:75,0,0,0
BRDA:75,0,1,0
BRDA:75,0,2,0
BRDA:75,0,3,0
BRF:4
BRH:0
end_of_record
TN:
SF:src/types/ai.ts
FNF:0
FNH:0
LF:0
LH:0
BRF:0
BRH:0
end_of_record
TN:
SF:src/types/album.ts
FNF:0
FNH:0
LF:0
LH:0
BRF:0
BRH:0
end_of_record
TN:
SF:src/types/api.ts
FNF:0
FNH:0
LF:0
LH:0
BRF:0
BRH:0
end_of_record
TN:
SF:src/types/auth.ts
FNF:0
FNH:0
LF:0
LH:0
BRF:0
BRH:0
end_of_record
TN:
SF:src/types/editor.ts
FNF:0
FNH:0
DA:39,0
LF:1
LH:0
BRF:0
BRH:0
end_of_record
TN:
SF:src/types/error.ts
FN:101,(anonymous_0)
FN:137,(anonymous_1)
FN:147,(anonymous_2)
FN:169,(anonymous_3)
FN:178,(anonymous_4)
FN:189,(anonymous_5)
FN:198,(anonymous_6)
FN:204,(anonymous_7)
FN:209,(anonymous_8)
FN:214,(anonymous_9)
FN:219,(anonymous_10)
FN:224,(anonymous_11)
FN:229,(anonymous_12)
FN:235,(anonymous_13)
FN:241,(anonymous_14)
FN:246,(anonymous_15)
FN:251,(anonymous_16)
FN:258,(anonymous_17)
FN:264,(anonymous_18)
FN:271,(anonymous_19)
FN:278,(anonymous_20)
FN:285,(anonymous_21)
FN:295,isAppError
FN:302,toAppError
FNF:24
FNH:14
FNDA:24,(anonymous_0)
FNDA:23,(anonymous_1)
FNDA:22,(anonymous_2)
FNDA:15,(anonymous_3)
FNDA:1,(anonymous_4)
FNDA:1,(anonymous_5)
FNDA:1,(anonymous_6)
FNDA:0,(anonymous_7)
FNDA:0,(anonymous_8)
FNDA:1,(anonymous_9)
FNDA:0,(anonymous_10)
FNDA:0,(anonymous_11)
FNDA:1,(anonymous_12)
FNDA:0,(anonymous_13)
FNDA:0,(anonymous_14)
FNDA:0,(anonymous_15)
FNDA:1,(anonymous_16)
FNDA:0,(anonymous_17)
FNDA:1,(anonymous_18)
FNDA:0,(anonymous_19)
FNDA:0,(anonymous_20)
FNDA:3,(anonymous_21)
FNDA:9,isAppError
FNDA:4,toAppError
DA:9,1
DA:23,1
DA:58,1
DA:112,24
DA:113,24
DA:114,24
DA:115,24
DA:116,24
DA:117,24
DA:118,24
DA:122,24
DA:123,24
DA:126,24
DA:132,24
DA:133,24
DA:138,23
DA:139,12
DA:140,10
DA:141,8
DA:142,7
DA:143,5
DA:144,3
DA:148,22
DA:153,22
DA:158,22
DA:163,22
DA:164,18
DA:165,7
DA:166,5
DA:170,15
DA:175,15
DA:179,1
DA:190,1
DA:197,1
DA:199,1
DA:205,0
DA:210,0
DA:215,1
DA:220,0
DA:225,0
DA:230,1
DA:236,0
DA:242,0
DA:247,0
DA:252,1
DA:259,0
DA:265,1
DA:272,0
DA:279,0
DA:286,3
DA:296,9
DA:303,4
DA:304,1
DA:307,3
DA:308,1
DA:311,2
DA:312,1
DA:315,1
LF:58
LH:48
BRDA:116,0,0,24
BRDA:116,0,1,23
BRDA:117,1,0,24
BRDA:117,1,1,22
BRDA:123,2,0,24
BRDA:123,2,1,15
BRDA:132,3,0,24
BRDA:132,3,1,0
BRDA:138,4,0,11
BRDA:138,4,1,12
BRDA:139,5,0,2
BRDA:139,5,1,10
BRDA:140,6,0,2
BRDA:140,6,1,8
BRDA:141,7,0,1
BRDA:141,7,1,7
BRDA:142,8,0,2
BRDA:142,8,1,5
BRDA:143,9,0,2
BRDA:143,9,1,3
BRDA:163,10,0,4
BRDA:163,10,1,18
BRDA:164,11,0,11
BRDA:164,11,1,7
BRDA:165,12,0,2
BRDA:165,12,1,5
BRDA:204,13,0,0
BRDA:209,14,0,0
BRDA:214,15,0,1
BRDA:219,16,0,0
BRDA:224,17,0,0
BRDA:230,18,0,1
BRDA:230,18,1,1
BRDA:236,19,0,0
BRDA:236,19,1,0
BRDA:246,20,0,0
BRDA:258,21,0,0
BRDA:265,22,0,1
BRDA:265,22,1,1
BRDA:272,23,0,0
BRDA:272,23,1,0
BRDA:303,24,0,1
BRDA:303,24,1,3
BRDA:307,25,0,1
BRDA:307,25,1,2
BRDA:311,26,0,1
BRDA:311,26,1,1
BRF:47
BRH:36
end_of_record
TN:
SF:src/types/export.ts
FNF:0
FNH:0
LF:0
LH:0
BRF:0
BRH:0
end_of_record
TN:
SF:src/types/filter.ts
FNF:0
FNH:0
DA:39,0
LF:1
LH:0
BRF:0
BRH:0
end_of_record
TN:
SF:src/types/import.ts
FNF:0
FNH:0
LF:0
LH:0
BRF:0
BRH:0
end_of_record
TN:
SF:src/types/people-count.ts
FNF:0
FNH:0
LF:0
LH:0
BRF:0
BRH:0
end_of_record
TN:
SF:src/types/person.ts
FNF:0
FNH:0
LF:0
LH:0
BRF:0
BRH:0
end_of_record
TN:
SF:src/types/user.ts
FNF:0
FNH:0
LF:0
LH:0
BRF:0
BRH:0
end_of_record
TN:
SF:src/types/validation.ts
FN:44,validateAvatarFile
FN:70,validateImageDimensions
FNF:2
FNH:0
FNDA:0,validateAvatarFile
FNDA:0,validateImageDimensions
DA:11,0
DA:34,0
DA:49,0
DA:50,0
DA:57,0
DA:58,0
DA:64,0
DA:77,0
DA:78,0
DA:84,0
LF:10
LH:0
BRDA:49,0,0,0
BRDA:49,0,1,0
BRDA:57,1,0,0
BRDA:57,1,1,0
BRDA:77,2,0,0
BRDA:77,2,1,0
BRDA:77,3,0,0
BRDA:77,3,1,0
BRF:8
BRH:0
end_of_record
TN:
SF:src/types/video.ts
FNF:0
FNH:0
LF:0
LH:0
BRF:0
BRH:0
end_of_record
TN:
SF:src/types/zipExport.ts
FNF:0
FNH:0
LF:0
LH:0
BRF:0
BRH:0
end_of_record
TN:
SF:src/utils/dateFormatter.ts
FN:12,formatDate
FN:25,formatDateTime
FN:38,formatRelativeTime
FN:69,getDateLabel
FNF:4
FNH:4
FNDA:10,formatDate
FNDA:4,formatDateTime
FNDA:6,formatRelativeTime
FNDA:4,getDateLabel
DA:13,10
DA:14,10
DA:15,4
DA:17,6
DA:26,4
DA:27,4
DA:28,1
DA:30,3
DA:39,6
DA:40,6
DA:41,1
DA:44,5
DA:45,5
DA:46,5
DA:47,5
DA:48,5
DA:49,5
DA:51,5
DA:52,1
DA:53,4
DA:54,1
DA:55,3
DA:56,1
DA:57,2
DA:58,1
DA:60,1
DA:70,4
DA:71,4
DA:72,1
DA:75,3
DA:76,3
DA:77,3
DA:78,3
DA:80,3
DA:82,3
DA:83,1
DA:84,2
DA:85,1
DA:87,1
DA:92,1
DA:93,1
LF:41
LH:41
BRDA:13,0,0,4
BRDA:13,0,1,6
BRDA:14,1,0,4
BRDA:14,1,1,6
BRDA:14,2,0,10
BRDA:14,2,1,10
BRDA:26,3,0,1
BRDA:26,3,1,3
BRDA:27,4,0,1
BRDA:27,4,1,3
BRDA:27,5,0,4
BRDA:27,5,1,4
BRDA:39,6,0,1
BRDA:39,6,1,5
BRDA:40,7,0,1
BRDA:40,7,1,5
BRDA:40,8,0,6
BRDA:40,8,1,6
BRDA:51,9,0,1
BRDA:51,9,1,4
BRDA:53,10,0,1
BRDA:53,10,1,3
BRDA:55,11,0,1
BRDA:55,11,1,2
BRDA:57,12,0,1
BRDA:57,12,1,1
BRDA:70,13,0,1
BRDA:70,13,1,3
BRDA:71,14,0,1
BRDA:71,14,1,3
BRDA:71,15,0,4
BRDA:71,15,1,4
BRDA:82,16,0,1
BRDA:82,16,1,2
BRDA:84,17,0,1
BRDA:84,17,1,1
BRF:36
BRH:36
end_of_record
TN:
SF:src/utils/downloadHelper.ts
FN:10,downloadBlob
FN:26,downloadBase64
FN:40,base64ToBlob
FNF:3
FNH:3
FNDA:1,downloadBlob
FNDA:1,downloadBase64
FNDA:2,base64ToBlob
DA:11,1
DA:12,1
DA:13,1
DA:14,1
DA:15,1
DA:16,1
DA:17,1
DA:18,1
DA:27,1
DA:28,1
DA:29,1
DA:30,1
DA:31,1
DA:32,1
DA:41,2
DA:42,2
DA:43,2
DA:44,2
DA:45,2
DA:47,2
DA:48,8
DA:51,1
LF:22
LH:22
BRF:0
BRH:0
end_of_record
TN:
SF:src/utils/fileHash.ts
FN:4,calculateFileMD5
FN:8,(anonymous_1)
FN:12,calculateMD5FromBlob
FN:16,(anonymous_3)
FNF:4
FNH:0
FNDA:0,calculateFileMD5
FNDA:0,(anonymous_1)
FNDA:0,calculateMD5FromBlob
FNDA:0,(anonymous_3)
DA:5,0
DA:6,0
DA:7,0
DA:8,0
DA:9,0
DA:13,0
DA:14,0
DA:15,0
DA:16,0
DA:17,0
LF:10
LH:0
BRF:0
BRH:0
end_of_record
TN:
SF:src/utils/imageCompressor.ts
FN:19,compressImageToWebP
FN:24,(anonymous_1)
FN:27,(anonymous_2)
FN:30,(anonymous_3)
FN:65,(anonymous_4)
FN:80,(anonymous_5)
FN:87,(anonymous_6)
FN:102,compressBase64ToWebP
FN:107,(anonymous_8)
FN:110,(anonymous_9)
FN:145,(anonymous_10)
FN:160,(anonymous_11)
FN:172,isWebPSupported
FN:187,estimateCompressedSize
FNF:14
FNH:2
FNDA:0,compressImageToWebP
FNDA:0,(anonymous_1)
FNDA:0,(anonymous_2)
FNDA:0,(anonymous_3)
FNDA:0,(anonymous_4)
FNDA:0,(anonymous_5)
FNDA:0,(anonymous_6)
FNDA:0,compressBase64ToWebP
FNDA:0,(anonymous_8)
FNDA:0,(anonymous_9)
FNDA:0,(anonymous_10)
FNDA:0,(anonymous_11)
FNDA:2,isWebPSupported
FNDA:6,estimateCompressedSize
DA:24,0
DA:25,0
DA:27,0
DA:28,0
DA:30,0
DA:31,0
DA:33,0
DA:34,0
DA:37,0
DA:38,0
DA:39,0
DA:40,0
DA:43,0
DA:44,0
DA:45,0
DA:50,0
DA:51,0
DA:52,0
DA:54,0
DA:55,0
DA:56,0
DA:57,0
DA:61,0
DA:64,0
DA:66,0
DA:67,0
DA:69,0
DA:76,0
DA:80,0
DA:81,0
DA:84,0
DA:87,0
DA:88,0
DA:91,0
DA:107,0
DA:108,0
DA:110,0
DA:111,0
DA:113,0
DA:114,0
DA:117,0
DA:118,0
DA:119,0
DA:120,0
DA:123,0
DA:124,0
DA:125,0
DA:130,0
DA:131,0
DA:132,0
DA:134,0
DA:135,0
DA:136,0
DA:137,0
DA:141,0
DA:144,0
DA:146,0
DA:147,0
DA:149,0
DA:156,0
DA:160,0
DA:161,0
DA:164,0
DA:173,2
DA:174,2
DA:175,2
DA:178,2
DA:190,6
DA:191,6
LF:69
LH:6
BRDA:21,0,0,0
BRDA:22,1,0,0
BRDA:37,2,0,0
BRDA:37,2,1,0
BRDA:38,3,0,0
BRDA:38,3,1,0
BRDA:43,4,0,0
BRDA:43,4,1,0
BRDA:55,5,0,0
BRDA:55,5,1,0
BRDA:66,6,0,0
BRDA:66,6,1,0
BRDA:104,7,0,0
BRDA:105,8,0,0
BRDA:117,9,0,0
BRDA:117,9,1,0
BRDA:118,10,0,0
BRDA:118,10,1,0
BRDA:123,11,0,0
BRDA:123,11,1,0
BRDA:135,12,0,0
BRDA:135,12,1,0
BRDA:146,13,0,0
BRDA:146,13,1,0
BRDA:187,14,0,6
BRF:25
BRH:1
end_of_record
TN:
SF:src/utils/imageOptimizer.ts
FN:91,(anonymous_0)
FN:92,(anonymous_1)
FN:103,(anonymous_2)
FN:110,(anonymous_3)
FN:128,(anonymous_4)
FN:169,(anonymous_5)
FN:196,(anonymous_6)
FN:198,(anonymous_7)
FN:213,(anonymous_8)
FN:273,(anonymous_9)
FN:274,(anonymous_10)
FN:275,(anonymous_11)
FN:305,(anonymous_12)
FN:324,(anonymous_13)
FNF:14
FNH:0
FNDA:0,(anonymous_0)
FNDA:0,(anonymous_1)
FNDA:0,(anonymous_2)
FNDA:0,(anonymous_3)
FNDA:0,(anonymous_4)
FNDA:0,(anonymous_5)
FNDA:0,(anonymous_6)
FNDA:0,(anonymous_7)
FNDA:0,(anonymous_8)
FNDA:0,(anonymous_9)
FNDA:0,(anonymous_10)
FNDA:0,(anonymous_11)
FNDA:0,(anonymous_12)
FNDA:0,(anonymous_13)
DA:35,0
DA:92,0
DA:93,0
DA:96,0
DA:100,0
DA:103,0
DA:104,0
DA:105,0
DA:107,0
DA:110,0
DA:111,0
DA:112,0
DA:114,0
DA:117,0
DA:118,0
DA:120,0
DA:133,0
DA:134,0
DA:135,0
DA:138,0
DA:140,0
DA:143,0
DA:144,0
DA:146,0
DA:147,0
DA:148,0
DA:149,0
DA:150,0
DA:153,0
DA:154,0
DA:155,0
DA:156,0
DA:157,0
DA:160,0
DA:161,0
DA:163,0
DA:176,0
DA:177,0
DA:178,0
DA:180,0
DA:181,0
DA:182,0
DA:185,0
DA:186,0
DA:187,0
DA:190,0
DA:191,0
DA:193,0
DA:195,0
DA:196,0
DA:197,0
DA:199,0
DA:200,0
DA:207,0
DA:214,0
DA:216,0
DA:218,0
DA:219,0
DA:220,0
DA:222,0
DA:223,0
DA:225,0
DA:231,0
DA:232,0
DA:235,0
DA:237,0
DA:238,0
DA:239,0
DA:241,0
DA:242,0
DA:243,0
DA:245,0
DA:246,0
DA:247,0
DA:248,0
DA:250,0
DA:254,0
DA:255,0
DA:266,0
DA:267,0
DA:270,0
DA:272,0
DA:273,0
DA:274,0
DA:275,0
DA:276,0
DA:279,0
DA:290,0
DA:310,0
DA:312,0
DA:313,0
DA:314,0
DA:315,0
DA:318,0
DA:332,0
DA:333,0
DA:335,0
DA:337,0
DA:338,0
DA:341,0
DA:343,0
DA:359,0
LF:102
LH:0
BRDA:96,0,0,0
BRDA:96,0,1,0
BRDA:97,1,0,0
BRDA:97,1,1,0
BRDA:97,1,2,0
BRDA:104,2,0,0
BRDA:104,2,1,0
BRDA:111,3,0,0
BRDA:111,3,1,0
BRDA:117,4,0,0
BRDA:117,4,1,0
BRDA:138,5,0,0
BRDA:138,5,1,0
BRDA:138,6,0,0
BRDA:138,6,1,0
BRDA:138,7,0,0
BRDA:138,7,1,0
BRDA:140,8,0,0
BRDA:140,8,1,0
BRDA:141,9,0,0
BRDA:141,9,1,0
BRDA:141,10,0,0
BRDA:141,10,1,0
BRDA:146,11,0,0
BRDA:146,11,1,0
BRDA:153,12,0,0
BRDA:153,12,1,0
BRDA:181,13,0,0
BRDA:181,13,1,0
BRDA:185,14,0,0
BRDA:185,14,1,0
BRDA:199,15,0,0
BRDA:199,15,1,0
BRDA:214,16,0,0
BRDA:214,17,0,0
BRDA:231,18,0,0
BRDA:231,18,1,0
BRDA:239,19,0,0
BRDA:239,19,1,0
BRDA:245,20,0,0
BRDA:245,20,1,0
BRDA:245,21,0,0
BRDA:245,21,1,0
BRDA:254,22,0,0
BRDA:254,22,1,0
BRDA:266,23,0,0
BRDA:266,23,1,0
BRDA:297,24,0,0
BRDA:297,24,1,0
BRDA:333,25,0,0
BRDA:333,25,1,0
BRDA:337,26,0,0
BRDA:337,26,1,0
BRDA:337,27,0,0
BRDA:337,27,1,0
BRDA:338,28,0,0
BRDA:338,28,1,0
BRDA:341,29,0,0
BRDA:341,29,1,0
BRF:59
BRH:0
end_of_record
TN:
SF:src/utils/imageProcessor.ts
FN:12,compressImage
FN:17,(anonymous_1)
FN:20,(anonymous_2)
FN:23,(anonymous_3)
FN:51,(anonymous_4)
FN:58,(anonymous_5)
FN:71,fileToBase64
FN:72,(anonymous_7)
FN:75,(anonymous_8)
FN:79,(anonymous_9)
FN:93,generateThumbnail
FN:94,(anonymous_11)
FN:97,(anonymous_12)
FN:120,(anonymous_13)
FN:133,getImageMetadata
FN:139,(anonymous_15)
FN:142,(anonymous_16)
FN:159,(anonymous_17)
FN:172,isImageFile
FN:183,validateImageSize
FNF:20
FNH:0
FNDA:0,compressImage
FNDA:0,(anonymous_1)
FNDA:0,(anonymous_2)
FNDA:0,(anonymous_3)
FNDA:0,(anonymous_4)
FNDA:0,(anonymous_5)
FNDA:0,fileToBase64
FNDA:0,(anonymous_7)
FNDA:0,(anonymous_8)
FNDA:0,(anonymous_9)
FNDA:0,generateThumbnail
FNDA:0,(anonymous_11)
FNDA:0,(anonymous_12)
FNDA:0,(anonymous_13)
FNDA:0,getImageMetadata
FNDA:0,(anonymous_15)
FNDA:0,(anonymous_16)
FNDA:0,(anonymous_17)
FNDA:0,isImageFile
FNDA:0,validateImageSize
DA:17,0
DA:18,0
DA:20,0
DA:21,0
DA:23,0
DA:24,0
DA:25,0
DA:26,0
DA:29,0
DA:30,0
DA:31,0
DA:34,0
DA:35,0
DA:37,0
DA:38,0
DA:39,0
DA:40,0
DA:44,0
DA:47,0
DA:48,0
DA:51,0
DA:52,0
DA:55,0
DA:58,0
DA:59,0
DA:62,0
DA:72,0
DA:73,0
DA:75,0
DA:76,0
DA:79,0
DA:80,0
DA:83,0
DA:94,0
DA:95,0
DA:97,0
DA:98,0
DA:99,0
DA:100,0
DA:102,0
DA:103,0
DA:104,0
DA:105,0
DA:109,0
DA:110,0
DA:111,0
DA:114,0
DA:116,0
DA:117,0
DA:120,0
DA:121,0
DA:124,0
DA:139,0
DA:140,0
DA:142,0
DA:144,0
DA:145,0
DA:148,0
DA:149,0
DA:151,0
DA:159,0
DA:160,0
DA:163,0
DA:173,0
DA:174,0
DA:184,0
DA:185,0
LF:67
LH:0
BRDA:14,0,0,0
BRDA:15,1,0,0
BRDA:29,2,0,0
BRDA:29,2,1,0
BRDA:38,3,0,0
BRDA:38,3,1,0
BRDA:93,4,0,0
BRDA:103,5,0,0
BRDA:103,5,1,0
BRDA:144,6,0,0
BRDA:144,6,1,0
BRDA:149,7,0,0
BRDA:149,7,1,0
BRDA:183,8,0,0
BRF:14
BRH:0
end_of_record
TN:
SF:src/utils/imageVariantGenerator.ts
FN:50,(anonymous_0)
FN:51,(anonymous_1)
FN:55,(anonymous_2)
FN:60,(anonymous_3)
FN:72,(anonymous_4)
FN:102,(anonymous_5)
FN:104,(anonymous_6)
FN:119,(anonymous_7)
FN:140,(anonymous_8)
FN:161,(anonymous_9)
FN:178,(anonymous_10)
FN:214,(anonymous_11)
FNF:12
FNH:0
FNDA:0,(anonymous_0)
FNDA:0,(anonymous_1)
FNDA:0,(anonymous_2)
FNDA:0,(anonymous_3)
FNDA:0,(anonymous_4)
FNDA:0,(anonymous_5)
FNDA:0,(anonymous_6)
FNDA:0,(anonymous_7)
FNDA:0,(anonymous_8)
FNDA:0,(anonymous_9)
FNDA:0,(anonymous_10)
FNDA:0,(anonymous_11)
DA:25,0
DA:51,0
DA:52,0
DA:53,0
DA:55,0
DA:56,0
DA:57,0
DA:60,0
DA:61,0
DA:62,0
DA:65,0
DA:78,0
DA:79,0
DA:81,0
DA:82,0
DA:85,0
DA:87,0
DA:88,0
DA:89,0
DA:90,0
DA:92,0
DA:93,0
DA:97,0
DA:98,0
DA:100,0
DA:102,0
DA:103,0
DA:105,0
DA:106,0
DA:113,0
DA:120,0
DA:121,0
DA:128,0
DA:141,0
DA:142,0
DA:149,0
DA:162,0
DA:164,0
DA:182,0
DA:184,0
DA:185,0
DA:187,0
DA:188,0
DA:190,0
DA:191,0
DA:193,0
DA:194,0
DA:196,0
DA:204,0
DA:215,0
DA:224,0
DA:225,0
DA:231,0
DA:232,0
DA:233,0
DA:239,0
DA:243,0
LF:57
LH:0
BRDA:81,0,0,0
BRDA:81,0,1,0
BRDA:87,1,0,0
BRDA:87,1,1,0
BRDA:87,2,0,0
BRDA:87,2,1,0
BRDA:88,3,0,0
BRDA:88,3,1,0
BRDA:105,4,0,0
BRDA:105,4,1,0
BRDA:224,5,0,0
BRDA:224,5,1,0
BRDA:232,6,0,0
BRDA:232,6,1,0
BRF:14
BRH:0
end_of_record
TN:
SF:src/utils/canvas/adjust.ts
FN:15,adjustBrightnessContrast
FN:21,(anonymous_1)
FN:24,(anonymous_2)
FN:86,(anonymous_3)
FN:101,adjustBrightness
FN:116,adjustContrast
FN:130,generateCSSFilter
FNF:7
FNH:0
FNDA:0,adjustBrightnessContrast
FNDA:0,(anonymous_1)
FNDA:0,(anonymous_2)
FNDA:0,(anonymous_3)
FNDA:0,adjustBrightness
FNDA:0,adjustContrast
FNDA:0,generateCSSFilter
DA:21,0
DA:22,0
DA:24,0
DA:25,0
DA:26,0
DA:27,0
DA:29,0
DA:30,0
DA:31,0
DA:34,0
DA:35,0
DA:38,0
DA:41,0
DA:42,0
DA:46,0
DA:49,0
DA:52,0
DA:53,0
DA:54,0
DA:55,0
DA:60,0
DA:61,0
DA:62,0
DA:65,0
DA:66,0
DA:67,0
DA:70,0
DA:71,0
DA:72,0
DA:76,0
DA:79,0
DA:80,0
DA:82,0
DA:86,0
DA:87,0
DA:90,0
DA:106,0
DA:121,0
DA:131,0
DA:135,0
DA:136,0
DA:137,0
DA:142,0
DA:143,0
DA:144,0
DA:147,0
LF:46
LH:0
BRDA:19,0,0,0
BRDA:29,1,0,0
BRDA:29,1,1,0
BRDA:104,2,0,0
BRDA:119,3,0,0
BRDA:136,4,0,0
BRDA:136,4,1,0
BRDA:143,5,0,0
BRDA:143,5,1,0
BRDA:147,6,0,0
BRDA:147,6,1,0
BRF:11
BRH:0
end_of_record
TN:
SF:src/utils/canvas/crop.ts
FN:16,cropImage
FN:21,(anonymous_1)
FN:24,(anonymous_2)
FN:59,(anonymous_3)
FN:72,createCropArea
FN:93,calculateCropDimensions
FNF:6
FNH:0
FNDA:0,cropImage
FNDA:0,(anonymous_1)
FNDA:0,(anonymous_2)
FNDA:0,(anonymous_3)
FNDA:0,createCropArea
FNDA:0,calculateCropDimensions
DA:21,0
DA:22,0
DA:24,0
DA:25,0
DA:26,0
DA:27,0
DA:29,0
DA:30,0
DA:31,0
DA:35,0
DA:36,0
DA:39,0
DA:52,0
DA:53,0
DA:55,0
DA:59,0
DA:60,0
DA:63,0
DA:78,0
DA:98,0
DA:99,0
DA:102,0
DA:104,0
DA:106,0
DA:107,0
DA:108,0
DA:111,0
DA:112,0
DA:113,0
LF:29
LH:0
BRDA:19,0,0,0
BRDA:29,1,0,0
BRDA:29,1,1,0
BRDA:98,2,0,0
BRDA:98,2,1,0
BRDA:104,3,0,0
BRDA:104,3,1,0
BRF:7
BRH:0
end_of_record
TN:
SF:src/utils/canvas/filters.ts
FN:16,applyFilter
FN:21,(anonymous_1)
FN:24,(anonymous_2)
FN:38,(anonymous_3)
FN:61,(anonymous_4)
FN:76,generateFilterThumbnail
FN:81,(anonymous_6)
FN:84,(anonymous_7)
FN:108,(anonymous_8)
FN:124,(anonymous_9)
FN:138,generateAllFilterThumbnails
FN:145,(anonymous_11)
FNF:12
FNH:0
FNDA:0,applyFilter
FNDA:0,(anonymous_1)
FNDA:0,(anonymous_2)
FNDA:0,(anonymous_3)
FNDA:0,(anonymous_4)
FNDA:0,generateFilterThumbnail
FNDA:0,(anonymous_6)
FNDA:0,(anonymous_7)
FNDA:0,(anonymous_8)
FNDA:0,(anonymous_9)
FNDA:0,generateAllFilterThumbnails
FNDA:0,(anonymous_11)
DA:21,0
DA:22,0
DA:24,0
DA:25,0
DA:26,0
DA:27,0
DA:29,0
DA:30,0
DA:31,0
DA:34,0
DA:35,0
DA:38,0
DA:40,0
DA:41,0
DA:42,0
DA:46,0
DA:47,0
DA:51,0
DA:54,0
DA:55,0
DA:57,0
DA:61,0
DA:62,0
DA:65,0
DA:81,0
DA:82,0
DA:84,0
DA:85,0
DA:86,0
DA:87,0
DA:89,0
DA:90,0
DA:91,0
DA:95,0
DA:96,0
DA:98,0
DA:99,0
DA:101,0
DA:104,0
DA:105,0
DA:108,0
DA:109,0
DA:110,0
DA:114,0
DA:117,0
DA:118,0
DA:120,0
DA:124,0
DA:125,0
DA:128,0
DA:142,0
DA:145,0
DA:146,0
DA:147,0
DA:148,0
DA:150,0
DA:154,0
DA:156,0
LF:58
LH:0
BRDA:19,0,0,0
BRDA:29,1,0,0
BRDA:29,1,1,0
BRDA:40,2,0,0
BRDA:40,2,1,0
BRDA:46,3,0,0
BRDA:46,3,1,0
BRDA:79,4,0,0
BRDA:89,5,0,0
BRDA:89,5,1,0
BRDA:98,6,0,0
BRDA:98,6,1,0
BRDA:109,7,0,0
BRDA:109,7,1,0
BRDA:109,8,0,0
BRDA:109,8,1,0
BRDA:140,9,0,0
BRF:17
BRH:0
end_of_record
TN:
SF:src/utils/canvas/rotate.ts
FN:14,rotateImage
FN:19,(anonymous_1)
FN:22,(anonymous_2)
FN:62,(anonymous_3)
FN:77,flipImage
FN:82,(anonymous_5)
FN:85,(anonymous_6)
FN:122,(anonymous_7)
FN:137,rotateBy90
FNF:9
FNH:0
FNDA:0,rotateImage
FNDA:0,(anonymous_1)
FNDA:0,(anonymous_2)
FNDA:0,(anonymous_3)
FNDA:0,flipImage
FNDA:0,(anonymous_5)
FNDA:0,(anonymous_6)
FNDA:0,(anonymous_7)
FNDA:0,rotateBy90
DA:19,0
DA:20,0
DA:22,0
DA:23,0
DA:24,0
DA:25,0
DA:27,0
DA:28,0
DA:29,0
DA:33,0
DA:36,0
DA:37,0
DA:39,0
DA:40,0
DA:42,0
DA:43,0
DA:46,0
DA:49,0
DA:52,0
DA:55,0
DA:56,0
DA:58,0
DA:62,0
DA:63,0
DA:66,0
DA:82,0
DA:83,0
DA:85,0
DA:86,0
DA:87,0
DA:88,0
DA:90,0
DA:91,0
DA:92,0
DA:95,0
DA:96,0
DA:99,0
DA:101,0
DA:103,0
DA:104,0
DA:107,0
DA:108,0
DA:112,0
DA:115,0
DA:116,0
DA:118,0
DA:122,0
DA:123,0
DA:126,0
DA:142,0
DA:143,0
LF:51
LH:0
BRDA:17,0,0,0
BRDA:27,1,0,0
BRDA:27,1,1,0
BRDA:80,2,0,0
BRDA:90,3,0,0
BRDA:90,3,1,0
BRDA:101,4,0,0
BRDA:101,4,1,0
BRDA:140,5,0,0
BRF:9
BRH:0
end_of_record
